{"total": {"lines":{"total":230,"covered":84,"skipped":0,"pct":36.52},"statements":{"total":233,"covered":84,"skipped":0,"pct":36.05},"functions":{"total":31,"covered":7,"skipped":0,"pct":22.58},"branches":{"total":140,"covered":35,"skipped":0,"pct":25},"branchesTrue":{"total":0,"covered":0,"skipped":0,"pct":100}}
,"/workspace/backend-v1/controllers/aiController.js": {"lines":{"total":31,"covered":3,"skipped":0,"pct":9.67},"functions":{"total":5,"covered":1,"skipped":0,"pct":20},"statements":{"total":31,"covered":3,"skipped":0,"pct":9.67},"branches":{"total":23,"covered":0,"skipped":0,"pct":0}}
,"/workspace/backend-v1/controllers/gamesController.js": {"lines":{"total":22,"covered":3,"skipped":0,"pct":13.63},"functions":{"total":3,"covered":0,"skipped":0,"pct":0},"statements":{"total":23,"covered":3,"skipped":0,"pct":13.04},"branches":{"total":11,"covered":0,"skipped":0,"pct":0}}
,"/workspace/backend-v1/controllers/questionsController.js": {"lines":{"total":37,"covered":6,"skipped":0,"pct":16.21},"functions":{"total":7,"covered":0,"skipped":0,"pct":0},"statements":{"total":38,"covered":6,"skipped":0,"pct":15.78},"branches":{"total":4,"covered":0,"skipped":0,"pct":0}}
,"/workspace/backend-v1/controllers/usersController.js": {"lines":{"total":63,"covered":62,"skipped":0,"pct":98.41},"functions":{"total":6,"covered":6,"skipped":0,"pct":100},"statements":{"total":63,"covered":62,"skipped":0,"pct":98.41},"branches":{"total":39,"covered":35,"skipped":0,"pct":89.74}}
,"/workspace/backend-v1/middleware/authenticate.js": {"lines":{"total":11,"covered":2,"skipped":0,"pct":18.18},"functions":{"total":1,"covered":0,"skipped":0,"pct":0},"statements":{"total":11,"covered":2,"skipped":0,"pct":18.18},"branches":{"total":4,"covered":0,"skipped":0,"pct":0}}
,"/workspace/backend-v1/middleware/rateLimiter.js": {"lines":{"total":6,"covered":6,"skipped":0,"pct":100},"functions":{"total":0,"covered":0,"skipped":0,"pct":100},"statements":{"total":6,"covered":6,"skipped":0,"pct":100},"branches":{"total":0,"covered":0,"skipped":0,"pct":100}}
,"/workspace/backend-v1/services/aiQuestionGenerator.js": {"lines":{"total":60,"covered":2,"skipped":0,"pct":3.33},"functions":{"total":9,"covered":0,"skipped":0,"pct":0},"statements":{"total":61,"covered":2,"skipped":0,"pct":3.27},"branches":{"total":59,"covered":0,"skipped":0,"pct":0}}
}
