{"/workspace/backend-v1/controllers/usersController.js": {"path":"/workspace/backend-v1/controllers/usersController.js","statementMap":{"0":{"start":{"line":2,"column":0},"end":{"line":5,"column":2}},"1":{"start":{"line":4,"column":2},"end":{"line":4,"column":15}},"2":{"start":{"line":6,"column":21},"end":{"line":6,"column":43}},"3":{"start":{"line":9,"column":0},"end":{"line":45,"column":2}},"4":{"start":{"line":10,"column":61},"end":{"line":10,"column":69}},"5":{"start":{"line":13,"column":2},"end":{"line":15,"column":3}},"6":{"start":{"line":14,"column":4},"end":{"line":14,"column":87}},"7":{"start":{"line":17,"column":2},"end":{"line":44,"column":3}},"8":{"start":{"line":19,"column":23},"end":{"line":23,"column":6}},"9":{"start":{"line":26,"column":21},"end":{"line":31,"column":5}},"10":{"start":{"line":34,"column":4},"end":{"line":34,"column":67}},"11":{"start":{"line":36,"column":4},"end":{"line":41,"column":7}},"12":{"start":{"line":43,"column":4},"end":{"line":43,"column":51}},"13":{"start":{"line":48,"column":0},"end":{"line":51,"column":2}},"14":{"start":{"line":50,"column":2},"end":{"line":50,"column":62}},"15":{"start":{"line":54,"column":0},"end":{"line":62,"column":2}},"16":{"start":{"line":55,"column":20},"end":{"line":55,"column":28}},"17":{"start":{"line":56,"column":2},"end":{"line":61,"column":3}},"18":{"start":{"line":57,"column":4},"end":{"line":57,"column":48}},"19":{"start":{"line":58,"column":4},"end":{"line":58,"column":56}},"20":{"start":{"line":60,"column":4},"end":{"line":60,"column":51}},"21":{"start":{"line":65,"column":0},"end":{"line":117,"column":2}},"22":{"start":{"line":66,"column":14},"end":{"line":66,"column":27}},"23":{"start":{"line":67,"column":2},"end":{"line":69,"column":3}},"24":{"start":{"line":68,"column":4},"end":{"line":68,"column":70}},"25":{"start":{"line":71,"column":44},"end":{"line":71,"column":52}},"26":{"start":{"line":74,"column":2},"end":{"line":76,"column":3}},"27":{"start":{"line":75,"column":4},"end":{"line":75,"column":87}},"28":{"start":{"line":78,"column":2},"end":{"line":116,"column":3}},"29":{"start":{"line":79,"column":20},"end":{"line":79,"column":51}},"30":{"start":{"line":80,"column":20},"end":{"line":80,"column":39}},"31":{"start":{"line":82,"column":4},"end":{"line":84,"column":5}},"32":{"start":{"line":83,"column":6},"end":{"line":83,"column":63}},"33":{"start":{"line":86,"column":24},"end":{"line":86,"column":38}},"34":{"start":{"line":87,"column":23},"end":{"line":87,"column":25}},"35":{"start":{"line":90,"column":4},"end":{"line":92,"column":5}},"36":{"start":{"line":91,"column":6},"end":{"line":91,"column":43}},"37":{"start":{"line":93,"column":4},"end":{"line":95,"column":5}},"38":{"start":{"line":94,"column":6},"end":{"line":94,"column":53}},"39":{"start":{"line":97,"column":4},"end":{"line":99,"column":5}},"40":{"start":{"line":98,"column":6},"end":{"line":98,"column":74}},"41":{"start":{"line":101,"column":4},"end":{"line":101,"column":37}},"42":{"start":{"line":104,"column":23},"end":{"line":104,"column":42}},"43":{"start":{"line":105,"column":24},"end":{"line":105,"column":41}},"44":{"start":{"line":107,"column":4},"end":{"line":113,"column":7}},"45":{"start":{"line":115,"column":4},"end":{"line":115,"column":51}},"46":{"start":{"line":120,"column":0},"end":{"line":155,"column":2}},"47":{"start":{"line":123,"column":14},"end":{"line":123,"column":44}},"48":{"start":{"line":124,"column":2},"end":{"line":127,"column":3}},"49":{"start":{"line":126,"column":4},"end":{"line":126,"column":58}},"50":{"start":{"line":128,"column":2},"end":{"line":154,"column":3}},"51":{"start":{"line":129,"column":20},"end":{"line":129,"column":51}},"52":{"start":{"line":130,"column":18},"end":{"line":130,"column":37}},"53":{"start":{"line":131,"column":4},"end":{"line":143,"column":5}},"54":{"start":{"line":132,"column":26},"end":{"line":132,"column":71}},"55":{"start":{"line":133,"column":20},"end":{"line":133,"column":41}},"56":{"start":{"line":134,"column":22},"end":{"line":139,"column":7}},"57":{"start":{"line":140,"column":6},"end":{"line":140,"column":33}},"58":{"start":{"line":141,"column":6},"end":{"line":141,"column":36}},"59":{"start":{"line":144,"column":17},"end":{"line":144,"column":31}},"60":{"start":{"line":145,"column":21},"end":{"line":149,"column":5}},"61":{"start":{"line":150,"column":4},"end":{"line":150,"column":23}},"62":{"start":{"line":153,"column":4},"end":{"line":153,"column":51}}},"fnMap":{"0":{"name":"(anonymous_0)","decl":{"start":{"line":2,"column":21},"end":{"line":2,"column":22}},"loc":{"start":{"line":2,"column":41},"end":{"line":5,"column":1}},"line":2},"1":{"name":"(anonymous_1)","decl":{"start":{"line":9,"column":19},"end":{"line":9,"column":20}},"loc":{"start":{"line":9,"column":39},"end":{"line":45,"column":1}},"line":9},"2":{"name":"(anonymous_2)","decl":{"start":{"line":48,"column":16},"end":{"line":48,"column":17}},"loc":{"start":{"line":48,"column":36},"end":{"line":51,"column":1}},"line":48},"3":{"name":"(anonymous_3)","decl":{"start":{"line":54,"column":26},"end":{"line":54,"column":27}},"loc":{"start":{"line":54,"column":46},"end":{"line":62,"column":1}},"line":54},"4":{"name":"(anonymous_4)","decl":{"start":{"line":65,"column":24},"end":{"line":65,"column":25}},"loc":{"start":{"line":65,"column":44},"end":{"line":117,"column":1}},"line":65},"5":{"name":"(anonymous_5)","decl":{"start":{"line":120,"column":19},"end":{"line":120,"column":20}},"loc":{"start":{"line":120,"column":39},"end":{"line":155,"column":1}},"line":120}},"branchMap":{"0":{"loc":{"start":{"line":13,"column":2},"end":{"line":15,"column":3}},"type":"if","locations":[{"start":{"line":13,"column":2},"end":{"line":15,"column":3}},{"start":{},"end":{}}],"line":13},"1":{"loc":{"start":{"line":13,"column":6},"end":{"line":13,"column":77}},"type":"binary-expr","locations":[{"start":{"line":13,"column":6},"end":{"line":13,"column":36}},{"start":{"line":13,"column":40},"end":{"line":13,"column":77}}],"line":13},"2":{"loc":{"start":{"line":30,"column":24},"end":{"line":30,"column":49}},"type":"binary-expr","locations":[{"start":{"line":30,"column":24},"end":{"line":30,"column":40}},{"start":{"line":30,"column":44},"end":{"line":30,"column":49}}],"line":30},"3":{"loc":{"start":{"line":67,"column":2},"end":{"line":69,"column":3}},"type":"if","locations":[{"start":{"line":67,"column":2},"end":{"line":69,"column":3}},{"start":{},"end":{}}],"line":67},"4":{"loc":{"start":{"line":74,"column":2},"end":{"line":76,"column":3}},"type":"if","locations":[{"start":{"line":74,"column":2},"end":{"line":76,"column":3}},{"start":{},"end":{}}],"line":74},"5":{"loc":{"start":{"line":74,"column":6},"end":{"line":74,"column":77}},"type":"binary-expr","locations":[{"start":{"line":74,"column":6},"end":{"line":74,"column":36}},{"start":{"line":74,"column":40},"end":{"line":74,"column":77}}],"line":74},"6":{"loc":{"start":{"line":82,"column":4},"end":{"line":84,"column":5}},"type":"if","locations":[{"start":{"line":82,"column":4},"end":{"line":84,"column":5}},{"start":{},"end":{}}],"line":82},"7":{"loc":{"start":{"line":90,"column":4},"end":{"line":92,"column":5}},"type":"if","locations":[{"start":{"line":90,"column":4},"end":{"line":92,"column":5}},{"start":{},"end":{}}],"line":90},"8":{"loc":{"start":{"line":93,"column":4},"end":{"line":95,"column":5}},"type":"if","locations":[{"start":{"line":93,"column":4},"end":{"line":95,"column":5}},{"start":{},"end":{}}],"line":93},"9":{"loc":{"start":{"line":97,"column":4},"end":{"line":99,"column":5}},"type":"if","locations":[{"start":{"line":97,"column":4},"end":{"line":99,"column":5}},{"start":{},"end":{}}],"line":97},"10":{"loc":{"start":{"line":111,"column":24},"end":{"line":111,"column":61}},"type":"binary-expr","locations":[{"start":{"line":111,"column":24},"end":{"line":111,"column":52}},{"start":{"line":111,"column":56},"end":{"line":111,"column":61}}],"line":111},"11":{"loc":{"start":{"line":112,"column":13},"end":{"line":112,"column":80}},"type":"binary-expr","locations":[{"start":{"line":112,"column":13},"end":{"line":112,"column":30}},{"start":{"line":112,"column":34},"end":{"line":112,"column":80}}],"line":112},"12":{"loc":{"start":{"line":123,"column":14},"end":{"line":123,"column":44}},"type":"binary-expr","locations":[{"start":{"line":123,"column":14},"end":{"line":123,"column":27}},{"start":{"line":123,"column":31},"end":{"line":123,"column":44}}],"line":123},"13":{"loc":{"start":{"line":124,"column":2},"end":{"line":127,"column":3}},"type":"if","locations":[{"start":{"line":124,"column":2},"end":{"line":127,"column":3}},{"start":{},"end":{}}],"line":124},"14":{"loc":{"start":{"line":131,"column":4},"end":{"line":143,"column":5}},"type":"if","locations":[{"start":{"line":131,"column":4},"end":{"line":143,"column":5}},{"start":{},"end":{}}],"line":131},"15":{"loc":{"start":{"line":132,"column":26},"end":{"line":132,"column":71}},"type":"binary-expr","locations":[{"start":{"line":132,"column":26},"end":{"line":132,"column":40}},{"start":{"line":132,"column":44},"end":{"line":132,"column":65}},{"start":{"line":132,"column":69},"end":{"line":132,"column":71}}],"line":132},"16":{"loc":{"start":{"line":133,"column":20},"end":{"line":133,"column":41}},"type":"binary-expr","locations":[{"start":{"line":133,"column":20},"end":{"line":133,"column":35}},{"start":{"line":133,"column":39},"end":{"line":133,"column":41}}],"line":133},"17":{"loc":{"start":{"line":147,"column":13},"end":{"line":147,"column":73}},"type":"binary-expr","locations":[{"start":{"line":147,"column":13},"end":{"line":147,"column":23}},{"start":{"line":147,"column":27},"end":{"line":147,"column":73}}],"line":147},"18":{"loc":{"start":{"line":148,"column":24},"end":{"line":148,"column":54}},"type":"binary-expr","locations":[{"start":{"line":148,"column":24},"end":{"line":148,"column":45}},{"start":{"line":148,"column":49},"end":{"line":148,"column":54}}],"line":148}},"s":{"0":2,"1":2,"2":2,"3":2,"4":9,"5":9,"6":2,"7":7,"8":7,"9":5,"10":5,"11":5,"12":2,"13":2,"14":2,"15":2,"16":4,"17":4,"18":4,"19":2,"20":2,"21":2,"22":11,"23":11,"24":1,"25":10,"26":10,"27":2,"28":8,"29":8,"30":8,"31":8,"32":2,"33":6,"34":6,"35":6,"36":2,"37":6,"38":2,"39":6,"40":2,"41":4,"42":4,"43":4,"44":4,"45":0,"46":2,"47":5,"48":5,"49":1,"50":4,"51":4,"52":4,"53":2,"54":1,"55":1,"56":1,"57":1,"58":1,"59":2,"60":2,"61":2,"62":2},"f":{"0":2,"1":9,"2":2,"3":4,"4":11,"5":5},"b":{"0":[2,7],"1":[9,5],"2":[5,3],"3":[1,10],"4":[2,8],"5":[10,4],"6":[2,6],"7":[2,4],"8":[2,4],"9":[2,4],"10":[4,2],"11":[4,0],"12":[5,1],"13":[1,4],"14":[1,1],"15":[1,0,0],"16":[1,0],"17":[2,1],"18":[2,2]},"_coverageSchema":"1a1c01bbd47fc00a2c39e90264f33305004495a9","hash":"d3b0b180a7bb99ce02bc2f51eb69397fa952f8d4"}
,"/workspace/backend-v1/middleware/rateLimiter.js": {"path":"/workspace/backend-v1/middleware/rateLimiter.js","statementMap":{"0":{"start":{"line":1,"column":18},"end":{"line":1,"column":47}},"1":{"start":{"line":4,"column":24},"end":{"line":13,"column":2}},"2":{"start":{"line":16,"column":32},"end":{"line":25,"column":2}},"3":{"start":{"line":28,"column":29},"end":{"line":36,"column":2}},"4":{"start":{"line":39,"column":27},"end":{"line":47,"column":2}},"5":{"start":{"line":49,"column":0},"end":{"line":54,"column":2}}},"fnMap":{},"branchMap":{},"s":{"0":1,"1":1,"2":1,"3":1,"4":1,"5":1},"f":{},"b":{},"_coverageSchema":"1a1c01bbd47fc00a2c39e90264f33305004495a9","hash":"9b27c5612a92a15d64d75659e4a8ec3ff6bc418d"}
,"/workspace/backend-v1/routes/adminAccessibility.js": {"path":"/workspace/backend-v1/routes/adminAccessibility.js","statementMap":{"0":{"start":{"line":2,"column":16},"end":{"line":2,"column":34}},"1":{"start":{"line":3,"column":15},"end":{"line":3,"column":31}},"2":{"start":{"line":4,"column":15},"end":{"line":4,"column":37}},"3":{"start":{"line":5,"column":21},"end":{"line":5,"column":58}},"4":{"start":{"line":6,"column":31},"end":{"line":6,"column":67}},"5":{"start":{"line":9,"column":0},"end":{"line":25,"column":3}},"6":{"start":{"line":10,"column":2},"end":{"line":24,"column":3}},"7":{"start":{"line":11,"column":16},"end":{"line":11,"column":29}},"8":{"start":{"line":12,"column":4},"end":{"line":12,"column":71}},"9":{"start":{"line":12,"column":14},"end":{"line":12,"column":71}},"10":{"start":{"line":13,"column":20},"end":{"line":13,"column":63}},"11":{"start":{"line":14,"column":4},"end":{"line":14,"column":89}},"12":{"start":{"line":14,"column":25},"end":{"line":14,"column":89}},"13":{"start":{"line":15,"column":17},"end":{"line":15,"column":31}},"14":{"start":{"line":16,"column":4},"end":{"line":21,"column":7}},"15":{"start":{"line":23,"column":4},"end":{"line":23,"column":49}},"16":{"start":{"line":28,"column":0},"end":{"line":48,"column":3}},"17":{"start":{"line":29,"column":2},"end":{"line":47,"column":3}},"18":{"start":{"line":30,"column":16},"end":{"line":30,"column":29}},"19":{"start":{"line":31,"column":4},"end":{"line":31,"column":71}},"20":{"start":{"line":31,"column":14},"end":{"line":31,"column":71}},"21":{"start":{"line":32,"column":33},"end":{"line":32,"column":41}},"22":{"start":{"line":33,"column":4},"end":{"line":35,"column":5}},"23":{"start":{"line":34,"column":6},"end":{"line":34,"column":83}},"24":{"start":{"line":36,"column":20},"end":{"line":36,"column":51}},"25":{"start":{"line":37,"column":4},"end":{"line":37,"column":47}},"26":{"start":{"line":38,"column":23},"end":{"line":38,"column":42}},"27":{"start":{"line":39,"column":24},"end":{"line":39,"column":41}},"28":{"start":{"line":40,"column":4},"end":{"line":44,"column":7}},"29":{"start":{"line":46,"column":4},"end":{"line":46,"column":49}},"30":{"start":{"line":51,"column":0},"end":{"line":70,"column":3}},"31":{"start":{"line":52,"column":2},"end":{"line":69,"column":3}},"32":{"start":{"line":53,"column":16},"end":{"line":53,"column":29}},"33":{"start":{"line":54,"column":4},"end":{"line":54,"column":71}},"34":{"start":{"line":54,"column":14},"end":{"line":54,"column":71}},"35":{"start":{"line":55,"column":21},"end":{"line":55,"column":94}},"36":{"start":{"line":56,"column":16},"end":{"line":56,"column":17}},"37":{"start":{"line":57,"column":24},"end":{"line":57,"column":25}},"38":{"start":{"line":58,"column":4},"end":{"line":64,"column":7}},"39":{"start":{"line":59,"column":19},"end":{"line":59,"column":29}},"40":{"start":{"line":60,"column":6},"end":{"line":63,"column":7}},"41":{"start":{"line":61,"column":8},"end":{"line":61,"column":16}},"42":{"start":{"line":62,"column":8},"end":{"line":62,"column":39}},"43":{"start":{"line":65,"column":24},"end":{"line":65,"column":61}},"44":{"start":{"line":66,"column":4},"end":{"line":66,"column":73}},"45":{"start":{"line":68,"column":4},"end":{"line":68,"column":49}},"46":{"start":{"line":73,"column":0},"end":{"line":130,"column":3}},"47":{"start":{"line":74,"column":2},"end":{"line":129,"column":3}},"48":{"start":{"line":75,"column":16},"end":{"line":75,"column":29}},"49":{"start":{"line":76,"column":4},"end":{"line":76,"column":71}},"50":{"start":{"line":76,"column":14},"end":{"line":76,"column":71}},"51":{"start":{"line":82,"column":26},"end":{"line":82,"column":60}},"52":{"start":{"line":83,"column":21},"end":{"line":83,"column":22}},"53":{"start":{"line":84,"column":36},"end":{"line":84,"column":37}},"54":{"start":{"line":85,"column":25},"end":{"line":85,"column":26}},"55":{"start":{"line":87,"column":4},"end":{"line":94,"column":7}},"56":{"start":{"line":88,"column":19},"end":{"line":88,"column":29}},"57":{"start":{"line":89,"column":6},"end":{"line":89,"column":19}},"58":{"start":{"line":90,"column":6},"end":{"line":93,"column":7}},"59":{"start":{"line":91,"column":8},"end":{"line":91,"column":36}},"60":{"start":{"line":92,"column":8},"end":{"line":92,"column":25}},"61":{"start":{"line":97,"column":38},"end":{"line":97,"column":84}},"62":{"start":{"line":98,"column":33},"end":{"line":98,"column":34}},"63":{"start":{"line":99,"column":29},"end":{"line":99,"column":30}},"64":{"start":{"line":100,"column":27},"end":{"line":100,"column":28}},"65":{"start":{"line":101,"column":28},"end":{"line":101,"column":29}},"66":{"start":{"line":103,"column":4},"end":{"line":111,"column":7}},"67":{"start":{"line":104,"column":19},"end":{"line":104,"column":29}},"68":{"start":{"line":105,"column":6},"end":{"line":105,"column":31}},"69":{"start":{"line":106,"column":6},"end":{"line":108,"column":7}},"70":{"start":{"line":107,"column":8},"end":{"line":107,"column":44}},"71":{"start":{"line":109,"column":6},"end":{"line":109,"column":61}},"72":{"start":{"line":109,"column":42},"end":{"line":109,"column":61}},"73":{"start":{"line":110,"column":6},"end":{"line":110,"column":63}},"74":{"start":{"line":110,"column":43},"end":{"line":110,"column":63}},"75":{"start":{"line":113,"column":29},"end":{"line":113,"column":105}},"76":{"start":{"line":114,"column":25},"end":{"line":114,"column":92}},"77":{"start":{"line":116,"column":4},"end":{"line":126,"column":7}},"78":{"start":{"line":128,"column":4},"end":{"line":128,"column":49}},"79":{"start":{"line":133,"column":0},"end":{"line":160,"column":3}},"80":{"start":{"line":134,"column":2},"end":{"line":159,"column":3}},"81":{"start":{"line":135,"column":16},"end":{"line":135,"column":29}},"82":{"start":{"line":136,"column":4},"end":{"line":136,"column":71}},"83":{"start":{"line":136,"column":14},"end":{"line":136,"column":71}},"84":{"start":{"line":138,"column":26},"end":{"line":138,"column":98}},"85":{"start":{"line":139,"column":27},"end":{"line":139,"column":29}},"86":{"start":{"line":141,"column":4},"end":{"line":151,"column":7}},"87":{"start":{"line":142,"column":19},"end":{"line":142,"column":29}},"88":{"start":{"line":143,"column":6},"end":{"line":150,"column":9}},"89":{"start":{"line":153,"column":4},"end":{"line":156,"column":7}},"90":{"start":{"line":158,"column":4},"end":{"line":158,"column":49}},"91":{"start":{"line":163,"column":0},"end":{"line":193,"column":3}},"92":{"start":{"line":164,"column":2},"end":{"line":192,"column":3}},"93":{"start":{"line":165,"column":16},"end":{"line":165,"column":29}},"94":{"start":{"line":166,"column":4},"end":{"line":166,"column":71}},"95":{"start":{"line":166,"column":14},"end":{"line":166,"column":71}},"96":{"start":{"line":170,"column":21},"end":{"line":187,"column":5}},"97":{"start":{"line":189,"column":4},"end":{"line":189,"column":23}},"98":{"start":{"line":191,"column":4},"end":{"line":191,"column":49}},"99":{"start":{"line":196,"column":0},"end":{"line":237,"column":3}},"100":{"start":{"line":197,"column":2},"end":{"line":236,"column":3}},"101":{"start":{"line":198,"column":16},"end":{"line":198,"column":29}},"102":{"start":{"line":199,"column":4},"end":{"line":199,"column":71}},"103":{"start":{"line":199,"column":14},"end":{"line":199,"column":71}},"104":{"start":{"line":201,"column":79},"end":{"line":201,"column":87}},"105":{"start":{"line":204,"column":4},"end":{"line":206,"column":5}},"106":{"start":{"line":205,"column":6},"end":{"line":205,"column":83}},"107":{"start":{"line":208,"column":4},"end":{"line":210,"column":5}},"108":{"start":{"line":209,"column":6},"end":{"line":209,"column":89}},"109":{"start":{"line":214,"column":28},"end":{"line":231,"column":5}},"110":{"start":{"line":233,"column":4},"end":{"line":233,"column":30}},"111":{"start":{"line":235,"column":4},"end":{"line":235,"column":49}},"112":{"start":{"line":240,"column":0},"end":{"line":310,"column":3}},"113":{"start":{"line":241,"column":2},"end":{"line":309,"column":3}},"114":{"start":{"line":242,"column":16},"end":{"line":242,"column":29}},"115":{"start":{"line":243,"column":4},"end":{"line":243,"column":71}},"116":{"start":{"line":243,"column":14},"end":{"line":243,"column":71}},"117":{"start":{"line":245,"column":35},"end":{"line":245,"column":44}},"118":{"start":{"line":248,"column":26},"end":{"line":248,"column":60}},"119":{"start":{"line":249,"column":21},"end":{"line":249,"column":22}},"120":{"start":{"line":250,"column":36},"end":{"line":250,"column":37}},"121":{"start":{"line":252,"column":4},"end":{"line":258,"column":7}},"122":{"start":{"line":253,"column":19},"end":{"line":253,"column":29}},"123":{"start":{"line":254,"column":6},"end":{"line":254,"column":19}},"124":{"start":{"line":255,"column":6},"end":{"line":257,"column":7}},"125":{"start":{"line":256,"column":8},"end":{"line":256,"column":36}},"126":{"start":{"line":261,"column":33},"end":{"line":261,"column":67}},"127":{"start":{"line":263,"column":4},"end":{"line":265,"column":5}},"128":{"start":{"line":264,"column":6},"end":{"line":264,"column":100}},"129":{"start":{"line":266,"column":4},"end":{"line":268,"column":5}},"130":{"start":{"line":267,"column":6},"end":{"line":267,"column":98}},"131":{"start":{"line":270,"column":38},"end":{"line":270,"column":72}},"132":{"start":{"line":271,"column":33},"end":{"line":271,"column":34}},"133":{"start":{"line":272,"column":29},"end":{"line":272,"column":30}},"134":{"start":{"line":273,"column":23},"end":{"line":273,"column":25}},"135":{"start":{"line":275,"column":4},"end":{"line":282,"column":7}},"136":{"start":{"line":276,"column":19},"end":{"line":276,"column":29}},"137":{"start":{"line":277,"column":6},"end":{"line":277,"column":31}},"138":{"start":{"line":278,"column":6},"end":{"line":280,"column":7}},"139":{"start":{"line":279,"column":8},"end":{"line":279,"column":44}},"140":{"start":{"line":281,"column":6},"end":{"line":281,"column":71}},"141":{"start":{"line":284,"column":29},"end":{"line":284,"column":105}},"142":{"start":{"line":285,"column":25},"end":{"line":285,"column":92}},"143":{"start":{"line":287,"column":19},"end":{"line":304,"column":5}},"144":{"start":{"line":306,"column":4},"end":{"line":306,"column":21}},"145":{"start":{"line":308,"column":4},"end":{"line":308,"column":49}},"146":{"start":{"line":312,"column":0},"end":{"line":312,"column":24}}},"fnMap":{"0":{"name":"(anonymous_0)","decl":{"start":{"line":9,"column":62},"end":{"line":9,"column":63}},"loc":{"start":{"line":9,"column":82},"end":{"line":25,"column":1}},"line":9},"1":{"name":"(anonymous_1)","decl":{"start":{"line":28,"column":62},"end":{"line":28,"column":63}},"loc":{"start":{"line":28,"column":82},"end":{"line":48,"column":1}},"line":28},"2":{"name":"(anonymous_2)","decl":{"start":{"line":51,"column":68},"end":{"line":51,"column":69}},"loc":{"start":{"line":51,"column":88},"end":{"line":70,"column":1}},"line":51},"3":{"name":"(anonymous_3)","decl":{"start":{"line":58,"column":21},"end":{"line":58,"column":22}},"loc":{"start":{"line":58,"column":28},"end":{"line":64,"column":5}},"line":58},"4":{"name":"(anonymous_4)","decl":{"start":{"line":73,"column":69},"end":{"line":73,"column":70}},"loc":{"start":{"line":73,"column":89},"end":{"line":130,"column":1}},"line":73},"5":{"name":"(anonymous_5)","decl":{"start":{"line":87,"column":26},"end":{"line":87,"column":27}},"loc":{"start":{"line":87,"column":33},"end":{"line":94,"column":5}},"line":87},"6":{"name":"(anonymous_6)","decl":{"start":{"line":103,"column":38},"end":{"line":103,"column":39}},"loc":{"start":{"line":103,"column":45},"end":{"line":111,"column":5}},"line":103},"7":{"name":"(anonymous_7)","decl":{"start":{"line":133,"column":66},"end":{"line":133,"column":67}},"loc":{"start":{"line":133,"column":86},"end":{"line":160,"column":1}},"line":133},"8":{"name":"(anonymous_8)","decl":{"start":{"line":141,"column":26},"end":{"line":141,"column":27}},"loc":{"start":{"line":141,"column":33},"end":{"line":151,"column":5}},"line":141},"9":{"name":"(anonymous_9)","decl":{"start":{"line":163,"column":72},"end":{"line":163,"column":73}},"loc":{"start":{"line":163,"column":92},"end":{"line":193,"column":1}},"line":163},"10":{"name":"(anonymous_10)","decl":{"start":{"line":196,"column":72},"end":{"line":196,"column":73}},"loc":{"start":{"line":196,"column":92},"end":{"line":237,"column":1}},"line":196},"11":{"name":"(anonymous_11)","decl":{"start":{"line":240,"column":70},"end":{"line":240,"column":71}},"loc":{"start":{"line":240,"column":90},"end":{"line":310,"column":1}},"line":240},"12":{"name":"(anonymous_12)","decl":{"start":{"line":252,"column":26},"end":{"line":252,"column":27}},"loc":{"start":{"line":252,"column":33},"end":{"line":258,"column":5}},"line":252},"13":{"name":"(anonymous_13)","decl":{"start":{"line":275,"column":38},"end":{"line":275,"column":39}},"loc":{"start":{"line":275,"column":45},"end":{"line":282,"column":5}},"line":275}},"branchMap":{"0":{"loc":{"start":{"line":12,"column":4},"end":{"line":12,"column":71}},"type":"if","locations":[{"start":{"line":12,"column":4},"end":{"line":12,"column":71}},{"start":{},"end":{}}],"line":12},"1":{"loc":{"start":{"line":14,"column":4},"end":{"line":14,"column":89}},"type":"if","locations":[{"start":{"line":14,"column":4},"end":{"line":14,"column":89}},{"start":{},"end":{}}],"line":14},"2":{"loc":{"start":{"line":17,"column":24},"end":{"line":17,"column":54}},"type":"binary-expr","locations":[{"start":{"line":17,"column":24},"end":{"line":17,"column":45}},{"start":{"line":17,"column":49},"end":{"line":17,"column":54}}],"line":17},"3":{"loc":{"start":{"line":18,"column":13},"end":{"line":18,"column":29}},"type":"binary-expr","locations":[{"start":{"line":18,"column":13},"end":{"line":18,"column":23}},{"start":{"line":18,"column":27},"end":{"line":18,"column":29}}],"line":18},"4":{"loc":{"start":{"line":31,"column":4},"end":{"line":31,"column":71}},"type":"if","locations":[{"start":{"line":31,"column":4},"end":{"line":31,"column":71}},{"start":{},"end":{}}],"line":31},"5":{"loc":{"start":{"line":33,"column":4},"end":{"line":35,"column":5}},"type":"if","locations":[{"start":{"line":33,"column":4},"end":{"line":35,"column":5}},{"start":{},"end":{}}],"line":33},"6":{"loc":{"start":{"line":33,"column":8},"end":{"line":33,"column":79}},"type":"binary-expr","locations":[{"start":{"line":33,"column":8},"end":{"line":33,"column":38}},{"start":{"line":33,"column":42},"end":{"line":33,"column":79}}],"line":33},"7":{"loc":{"start":{"line":41,"column":24},"end":{"line":41,"column":61}},"type":"binary-expr","locations":[{"start":{"line":41,"column":24},"end":{"line":41,"column":52}},{"start":{"line":41,"column":56},"end":{"line":41,"column":61}}],"line":41},"8":{"loc":{"start":{"line":54,"column":4},"end":{"line":54,"column":71}},"type":"if","locations":[{"start":{"line":54,"column":4},"end":{"line":54,"column":71}},{"start":{},"end":{}}],"line":54},"9":{"loc":{"start":{"line":60,"column":6},"end":{"line":63,"column":7}},"type":"if","locations":[{"start":{"line":60,"column":6},"end":{"line":63,"column":7}},{"start":{},"end":{}}],"line":60},"10":{"loc":{"start":{"line":65,"column":24},"end":{"line":65,"column":61}},"type":"cond-expr","locations":[{"start":{"line":65,"column":36},"end":{"line":65,"column":57}},{"start":{"line":65,"column":60},"end":{"line":65,"column":61}}],"line":65},"11":{"loc":{"start":{"line":76,"column":4},"end":{"line":76,"column":71}},"type":"if","locations":[{"start":{"line":76,"column":4},"end":{"line":76,"column":71}},{"start":{},"end":{}}],"line":76},"12":{"loc":{"start":{"line":90,"column":6},"end":{"line":93,"column":7}},"type":"if","locations":[{"start":{"line":90,"column":6},"end":{"line":93,"column":7}},{"start":{},"end":{}}],"line":90},"13":{"loc":{"start":{"line":106,"column":6},"end":{"line":108,"column":7}},"type":"if","locations":[{"start":{"line":106,"column":6},"end":{"line":108,"column":7}},{"start":{},"end":{}}],"line":106},"14":{"loc":{"start":{"line":109,"column":6},"end":{"line":109,"column":61}},"type":"if","locations":[{"start":{"line":109,"column":6},"end":{"line":109,"column":61}},{"start":{},"end":{}}],"line":109},"15":{"loc":{"start":{"line":110,"column":6},"end":{"line":110,"column":63}},"type":"if","locations":[{"start":{"line":110,"column":6},"end":{"line":110,"column":63}},{"start":{},"end":{}}],"line":110},"16":{"loc":{"start":{"line":113,"column":29},"end":{"line":113,"column":105}},"type":"cond-expr","locations":[{"start":{"line":113,"column":58},"end":{"line":113,"column":101}},{"start":{"line":113,"column":104},"end":{"line":113,"column":105}}],"line":113},"17":{"loc":{"start":{"line":114,"column":25},"end":{"line":114,"column":92}},"type":"cond-expr","locations":[{"start":{"line":114,"column":42},"end":{"line":114,"column":88}},{"start":{"line":114,"column":91},"end":{"line":114,"column":92}}],"line":114},"18":{"loc":{"start":{"line":136,"column":4},"end":{"line":136,"column":71}},"type":"if","locations":[{"start":{"line":136,"column":4},"end":{"line":136,"column":71}},{"start":{},"end":{}}],"line":136},"19":{"loc":{"start":{"line":166,"column":4},"end":{"line":166,"column":71}},"type":"if","locations":[{"start":{"line":166,"column":4},"end":{"line":166,"column":71}},{"start":{},"end":{}}],"line":166},"20":{"loc":{"start":{"line":199,"column":4},"end":{"line":199,"column":71}},"type":"if","locations":[{"start":{"line":199,"column":4},"end":{"line":199,"column":71}},{"start":{},"end":{}}],"line":199},"21":{"loc":{"start":{"line":204,"column":4},"end":{"line":206,"column":5}},"type":"if","locations":[{"start":{"line":204,"column":4},"end":{"line":206,"column":5}},{"start":{},"end":{}}],"line":204},"22":{"loc":{"start":{"line":204,"column":8},"end":{"line":204,"column":79}},"type":"binary-expr","locations":[{"start":{"line":204,"column":8},"end":{"line":204,"column":38}},{"start":{"line":204,"column":42},"end":{"line":204,"column":79}}],"line":204},"23":{"loc":{"start":{"line":208,"column":4},"end":{"line":210,"column":5}},"type":"if","locations":[{"start":{"line":208,"column":4},"end":{"line":210,"column":5}},{"start":{},"end":{}}],"line":208},"24":{"loc":{"start":{"line":208,"column":8},"end":{"line":208,"column":93}},"type":"binary-expr","locations":[{"start":{"line":208,"column":8},"end":{"line":208,"column":34}},{"start":{"line":208,"column":39},"end":{"line":208,"column":71}},{"start":{"line":208,"column":75},"end":{"line":208,"column":92}}],"line":208},"25":{"loc":{"start":{"line":215,"column":24},"end":{"line":215,"column":80}},"type":"cond-expr","locations":[{"start":{"line":215,"column":57},"end":{"line":215,"column":73}},{"start":{"line":215,"column":76},"end":{"line":215,"column":80}}],"line":215},"26":{"loc":{"start":{"line":216,"column":28},"end":{"line":221,"column":7}},"type":"binary-expr","locations":[{"start":{"line":216,"column":28},"end":{"line":216,"column":48}},{"start":{"line":216,"column":52},"end":{"line":221,"column":7}}],"line":216},"27":{"loc":{"start":{"line":222,"column":20},"end":{"line":222,"column":39}},"type":"binary-expr","locations":[{"start":{"line":222,"column":20},"end":{"line":222,"column":32}},{"start":{"line":222,"column":36},"end":{"line":222,"column":39}}],"line":222},"28":{"loc":{"start":{"line":224,"column":16},"end":{"line":229,"column":7}},"type":"binary-expr","locations":[{"start":{"line":224,"column":16},"end":{"line":224,"column":24}},{"start":{"line":224,"column":28},"end":{"line":229,"column":7}}],"line":224},"29":{"loc":{"start":{"line":243,"column":4},"end":{"line":243,"column":71}},"type":"if","locations":[{"start":{"line":243,"column":4},"end":{"line":243,"column":71}},{"start":{},"end":{}}],"line":243},"30":{"loc":{"start":{"line":255,"column":6},"end":{"line":257,"column":7}},"type":"if","locations":[{"start":{"line":255,"column":6},"end":{"line":257,"column":7}},{"start":{},"end":{}}],"line":255},"31":{"loc":{"start":{"line":263,"column":4},"end":{"line":265,"column":5}},"type":"if","locations":[{"start":{"line":263,"column":4},"end":{"line":265,"column":5}},{"start":{},"end":{}}],"line":263},"32":{"loc":{"start":{"line":266,"column":4},"end":{"line":268,"column":5}},"type":"if","locations":[{"start":{"line":266,"column":4},"end":{"line":268,"column":5}},{"start":{},"end":{}}],"line":266},"33":{"loc":{"start":{"line":278,"column":6},"end":{"line":280,"column":7}},"type":"if","locations":[{"start":{"line":278,"column":6},"end":{"line":280,"column":7}},{"start":{},"end":{}}],"line":278},"34":{"loc":{"start":{"line":281,"column":35},"end":{"line":281,"column":65}},"type":"binary-expr","locations":[{"start":{"line":281,"column":35},"end":{"line":281,"column":60}},{"start":{"line":281,"column":64},"end":{"line":281,"column":65}}],"line":281},"35":{"loc":{"start":{"line":284,"column":29},"end":{"line":284,"column":105}},"type":"cond-expr","locations":[{"start":{"line":284,"column":58},"end":{"line":284,"column":101}},{"start":{"line":284,"column":104},"end":{"line":284,"column":105}}],"line":284},"36":{"loc":{"start":{"line":285,"column":25},"end":{"line":285,"column":92}},"type":"cond-expr","locations":[{"start":{"line":285,"column":42},"end":{"line":285,"column":88}},{"start":{"line":285,"column":91},"end":{"line":285,"column":92}}],"line":285},"37":{"loc":{"start":{"line":289,"column":19},"end":{"line":289,"column":37}},"type":"binary-expr","locations":[{"start":{"line":289,"column":19},"end":{"line":289,"column":28}},{"start":{"line":289,"column":32},"end":{"line":289,"column":37}}],"line":289},"38":{"loc":{"start":{"line":290,"column":17},"end":{"line":290,"column":33}},"type":"binary-expr","locations":[{"start":{"line":290,"column":17},"end":{"line":290,"column":24}},{"start":{"line":290,"column":28},"end":{"line":290,"column":33}}],"line":290}},"s":{"0":1,"1":1,"2":1,"3":1,"4":1,"5":1,"6":1,"7":1,"8":1,"9":0,"10":1,"11":1,"12":0,"13":1,"14":1,"15":0,"16":1,"17":2,"18":2,"19":2,"20":0,"21":2,"22":2,"23":1,"24":1,"25":1,"26":1,"27":1,"28":1,"29":0,"30":1,"31":1,"32":1,"33":1,"34":0,"35":1,"36":1,"37":1,"38":1,"39":2,"40":2,"41":2,"42":2,"43":1,"44":1,"45":0,"46":1,"47":1,"48":1,"49":1,"50":0,"51":1,"52":1,"53":1,"54":1,"55":1,"56":3,"57":3,"58":3,"59":2,"60":2,"61":1,"62":1,"63":1,"64":1,"65":1,"66":1,"67":2,"68":2,"69":2,"70":2,"71":2,"72":1,"73":2,"74":1,"75":1,"76":1,"77":1,"78":0,"79":1,"80":1,"81":1,"82":1,"83":0,"84":1,"85":1,"86":1,"87":2,"88":2,"89":1,"90":0,"91":1,"92":1,"93":1,"94":1,"95":0,"96":1,"97":1,"98":0,"99":1,"100":3,"101":3,"102":3,"103":0,"104":3,"105":3,"106":1,"107":2,"108":1,"109":1,"110":1,"111":0,"112":1,"113":2,"114":2,"115":2,"116":0,"117":2,"118":2,"119":2,"120":2,"121":2,"122":2,"123":2,"124":2,"125":1,"126":2,"127":2,"128":1,"129":2,"130":1,"131":2,"132":2,"133":2,"134":2,"135":2,"136":2,"137":2,"138":2,"139":2,"140":2,"141":2,"142":2,"143":2,"144":2,"145":0,"146":1},"f":{"0":1,"1":2,"2":1,"3":2,"4":1,"5":3,"6":2,"7":1,"8":2,"9":1,"10":3,"11":2,"12":2,"13":2},"b":{"0":[0,1],"1":[0,1],"2":[1,0],"3":[1,0],"4":[0,2],"5":[1,1],"6":[2,2],"7":[1,0],"8":[0,1],"9":[2,0],"10":[1,0],"11":[0,1],"12":[2,1],"13":[2,0],"14":[1,1],"15":[1,1],"16":[1,0],"17":[1,0],"18":[0,1],"19":[0,1],"20":[0,3],"21":[1,2],"22":[3,2],"23":[1,1],"24":[2,2,2],"25":[1,0],"26":[1,1],"27":[1,0],"28":[1,0],"29":[0,2],"30":[1,1],"31":[1,1],"32":[1,1],"33":[2,0],"34":[2,2],"35":[1,1],"36":[1,1],"37":[2,1],"38":[2,1]},"_coverageSchema":"1a1c01bbd47fc00a2c39e90264f33305004495a9","hash":"567af4091daad1e9451f65b63bfe3aa34fd107db"}
,"/workspace/backend-v1/routes/voiceInteractions.js": {"path":"/workspace/backend-v1/routes/voiceInteractions.js","statementMap":{"0":{"start":{"line":1,"column":16},"end":{"line":1,"column":34}},"1":{"start":{"line":2,"column":15},"end":{"line":2,"column":31}},"2":{"start":{"line":3,"column":15},"end":{"line":3,"column":37}},"3":{"start":{"line":4,"column":19},"end":{"line":4,"column":59}},"4":{"start":{"line":6,"column":19},"end":{"line":6,"column":38}},"5":{"start":{"line":9,"column":0},"end":{"line":83,"column":3}},"6":{"start":{"line":10,"column":2},"end":{"line":82,"column":3}},"7":{"start":{"line":11,"column":97},"end":{"line":11,"column":105}},"8":{"start":{"line":13,"column":4},"end":{"line":15,"column":5}},"9":{"start":{"line":14,"column":6},"end":{"line":14,"column":75}},"10":{"start":{"line":16,"column":4},"end":{"line":18,"column":5}},"11":{"start":{"line":17,"column":6},"end":{"line":17,"column":79}},"12":{"start":{"line":19,"column":4},"end":{"line":21,"column":5}},"13":{"start":{"line":20,"column":6},"end":{"line":20,"column":64}},"14":{"start":{"line":22,"column":4},"end":{"line":24,"column":5}},"15":{"start":{"line":23,"column":6},"end":{"line":23,"column":66}},"16":{"start":{"line":25,"column":4},"end":{"line":27,"column":5}},"17":{"start":{"line":26,"column":6},"end":{"line":26,"column":67}},"18":{"start":{"line":28,"column":4},"end":{"line":30,"column":5}},"19":{"start":{"line":29,"column":6},"end":{"line":29,"column":66}},"20":{"start":{"line":32,"column":4},"end":{"line":34,"column":5}},"21":{"start":{"line":33,"column":6},"end":{"line":33,"column":72}},"22":{"start":{"line":37,"column":29},"end":{"line":37,"column":38}},"23":{"start":{"line":38,"column":30},"end":{"line":38,"column":40}},"24":{"start":{"line":40,"column":4},"end":{"line":63,"column":5}},"25":{"start":{"line":41,"column":6},"end":{"line":62,"column":7}},"26":{"start":{"line":43,"column":28},"end":{"line":43,"column":71}},"27":{"start":{"line":44,"column":25},"end":{"line":44,"column":72}},"28":{"start":{"line":47,"column":23},"end":{"line":51,"column":10}},"29":{"start":{"line":53,"column":8},"end":{"line":58,"column":9}},"30":{"start":{"line":54,"column":10},"end":{"line":54,"column":43}},"31":{"start":{"line":55,"column":10},"end":{"line":55,"column":50}},"32":{"start":{"line":57,"column":10},"end":{"line":57,"column":73}},"33":{"start":{"line":60,"column":8},"end":{"line":60,"column":72}},"34":{"start":{"line":65,"column":16},"end":{"line":77,"column":5}},"35":{"start":{"line":78,"column":4},"end":{"line":78,"column":45}},"36":{"start":{"line":79,"column":4},"end":{"line":79,"column":84}},"37":{"start":{"line":81,"column":4},"end":{"line":81,"column":49}},"38":{"start":{"line":86,"column":0},"end":{"line":101,"column":3}},"39":{"start":{"line":87,"column":2},"end":{"line":100,"column":3}},"40":{"start":{"line":88,"column":23},"end":{"line":88,"column":33}},"41":{"start":{"line":89,"column":6},"end":{"line":91,"column":7}},"42":{"start":{"line":90,"column":8},"end":{"line":90,"column":61}},"43":{"start":{"line":92,"column":21},"end":{"line":92,"column":88}},"44":{"start":{"line":93,"column":19},"end":{"line":93,"column":21}},"45":{"start":{"line":94,"column":4},"end":{"line":96,"column":7}},"46":{"start":{"line":95,"column":6},"end":{"line":95,"column":49}},"47":{"start":{"line":97,"column":4},"end":{"line":97,"column":21}},"48":{"start":{"line":99,"column":4},"end":{"line":99,"column":49}},"49":{"start":{"line":104,"column":0},"end":{"line":125,"column":3}},"50":{"start":{"line":105,"column":2},"end":{"line":124,"column":3}},"51":{"start":{"line":106,"column":23},"end":{"line":106,"column":33}},"52":{"start":{"line":107,"column":6},"end":{"line":109,"column":7}},"53":{"start":{"line":108,"column":8},"end":{"line":108,"column":61}},"54":{"start":{"line":110,"column":21},"end":{"line":110,"column":88}},"55":{"start":{"line":111,"column":18},"end":{"line":111,"column":19}},"56":{"start":{"line":112,"column":18},"end":{"line":112,"column":28}},"57":{"start":{"line":113,"column":4},"end":{"line":116,"column":7}},"58":{"start":{"line":114,"column":6},"end":{"line":114,"column":28}},"59":{"start":{"line":115,"column":6},"end":{"line":115,"column":16}},"60":{"start":{"line":117,"column":4},"end":{"line":119,"column":5}},"61":{"start":{"line":118,"column":6},"end":{"line":118,"column":81}},"62":{"start":{"line":120,"column":4},"end":{"line":120,"column":25}},"63":{"start":{"line":121,"column":4},"end":{"line":121,"column":62}},"64":{"start":{"line":123,"column":4},"end":{"line":123,"column":49}},"65":{"start":{"line":128,"column":0},"end":{"line":149,"column":3}},"66":{"start":{"line":129,"column":2},"end":{"line":148,"column":3}},"67":{"start":{"line":130,"column":23},"end":{"line":130,"column":33}},"68":{"start":{"line":131,"column":6},"end":{"line":133,"column":7}},"69":{"start":{"line":132,"column":8},"end":{"line":132,"column":61}},"70":{"start":{"line":134,"column":21},"end":{"line":134,"column":88}},"71":{"start":{"line":135,"column":16},"end":{"line":135,"column":17}},"72":{"start":{"line":136,"column":24},"end":{"line":136,"column":25}},"73":{"start":{"line":137,"column":4},"end":{"line":143,"column":7}},"74":{"start":{"line":138,"column":19},"end":{"line":138,"column":29}},"75":{"start":{"line":139,"column":6},"end":{"line":142,"column":7}},"76":{"start":{"line":140,"column":8},"end":{"line":140,"column":16}},"77":{"start":{"line":141,"column":8},"end":{"line":141,"column":39}},"78":{"start":{"line":144,"column":24},"end":{"line":144,"column":61}},"79":{"start":{"line":145,"column":4},"end":{"line":145,"column":54}},"80":{"start":{"line":147,"column":4},"end":{"line":147,"column":49}},"81":{"start":{"line":152,"column":0},"end":{"line":203,"column":3}},"82":{"start":{"line":153,"column":2},"end":{"line":202,"column":3}},"83":{"start":{"line":154,"column":45},"end":{"line":154,"column":53}},"84":{"start":{"line":156,"column":4},"end":{"line":158,"column":5}},"85":{"start":{"line":157,"column":6},"end":{"line":157,"column":80}},"86":{"start":{"line":160,"column":4},"end":{"line":162,"column":5}},"87":{"start":{"line":161,"column":6},"end":{"line":161,"column":72}},"88":{"start":{"line":165,"column":21},"end":{"line":165,"column":59}},"89":{"start":{"line":168,"column":19},"end":{"line":172,"column":6}},"90":{"start":{"line":174,"column":4},"end":{"line":180,"column":5}},"91":{"start":{"line":175,"column":6},"end":{"line":179,"column":9}},"92":{"start":{"line":183,"column":21},"end":{"line":183,"column":25}},"93":{"start":{"line":184,"column":4},"end":{"line":187,"column":5}},"94":{"start":{"line":185,"column":37},"end":{"line":185,"column":73}},"95":{"start":{"line":186,"column":6},"end":{"line":186,"column":68}},"96":{"start":{"line":189,"column":4},"end":{"line":197,"column":7}},"97":{"start":{"line":200,"column":4},"end":{"line":200,"column":52}},"98":{"start":{"line":201,"column":4},"end":{"line":201,"column":51}},"99":{"start":{"line":206,"column":0},"end":{"line":214,"column":3}},"100":{"start":{"line":207,"column":2},"end":{"line":213,"column":3}},"101":{"start":{"line":208,"column":19},"end":{"line":208,"column":52}},"102":{"start":{"line":209,"column":4},"end":{"line":209,"column":21}},"103":{"start":{"line":211,"column":4},"end":{"line":211,"column":62}},"104":{"start":{"line":212,"column":4},"end":{"line":212,"column":51}},"105":{"start":{"line":216,"column":0},"end":{"line":216,"column":24}}},"fnMap":{"0":{"name":"(anonymous_0)","decl":{"start":{"line":9,"column":17},"end":{"line":9,"column":18}},"loc":{"start":{"line":9,"column":37},"end":{"line":83,"column":1}},"line":9},"1":{"name":"(anonymous_1)","decl":{"start":{"line":86,"column":23},"end":{"line":86,"column":24}},"loc":{"start":{"line":86,"column":43},"end":{"line":101,"column":1}},"line":86},"2":{"name":"(anonymous_2)","decl":{"start":{"line":94,"column":21},"end":{"line":94,"column":22}},"loc":{"start":{"line":94,"column":28},"end":{"line":96,"column":5}},"line":94},"3":{"name":"(anonymous_3)","decl":{"start":{"line":104,"column":26},"end":{"line":104,"column":27}},"loc":{"start":{"line":104,"column":46},"end":{"line":125,"column":1}},"line":104},"4":{"name":"(anonymous_4)","decl":{"start":{"line":113,"column":21},"end":{"line":113,"column":22}},"loc":{"start":{"line":113,"column":28},"end":{"line":116,"column":5}},"line":113},"5":{"name":"(anonymous_5)","decl":{"start":{"line":128,"column":29},"end":{"line":128,"column":30}},"loc":{"start":{"line":128,"column":49},"end":{"line":149,"column":1}},"line":128},"6":{"name":"(anonymous_6)","decl":{"start":{"line":137,"column":21},"end":{"line":137,"column":22}},"loc":{"start":{"line":137,"column":28},"end":{"line":143,"column":5}},"line":137},"7":{"name":"(anonymous_7)","decl":{"start":{"line":152,"column":30},"end":{"line":152,"column":31}},"loc":{"start":{"line":152,"column":50},"end":{"line":203,"column":1}},"line":152},"8":{"name":"(anonymous_8)","decl":{"start":{"line":206,"column":33},"end":{"line":206,"column":34}},"loc":{"start":{"line":206,"column":53},"end":{"line":214,"column":1}},"line":206}},"branchMap":{"0":{"loc":{"start":{"line":13,"column":4},"end":{"line":15,"column":5}},"type":"if","locations":[{"start":{"line":13,"column":4},"end":{"line":15,"column":5}},{"start":{},"end":{}}],"line":13},"1":{"loc":{"start":{"line":13,"column":8},"end":{"line":13,"column":66}},"type":"binary-expr","locations":[{"start":{"line":13,"column":8},"end":{"line":13,"column":15}},{"start":{"line":13,"column":19},"end":{"line":13,"column":45}},{"start":{"line":13,"column":49},"end":{"line":13,"column":66}}],"line":13},"2":{"loc":{"start":{"line":16,"column":4},"end":{"line":18,"column":5}},"type":"if","locations":[{"start":{"line":16,"column":4},"end":{"line":18,"column":5}},{"start":{},"end":{}}],"line":16},"3":{"loc":{"start":{"line":16,"column":8},"end":{"line":16,"column":53}},"type":"binary-expr","locations":[{"start":{"line":16,"column":8},"end":{"line":16,"column":19}},{"start":{"line":16,"column":23},"end":{"line":16,"column":53}}],"line":16},"4":{"loc":{"start":{"line":19,"column":4},"end":{"line":21,"column":5}},"type":"if","locations":[{"start":{"line":19,"column":4},"end":{"line":21,"column":5}},{"start":{},"end":{}}],"line":19},"5":{"loc":{"start":{"line":22,"column":4},"end":{"line":24,"column":5}},"type":"if","locations":[{"start":{"line":22,"column":4},"end":{"line":24,"column":5}},{"start":{},"end":{}}],"line":22},"6":{"loc":{"start":{"line":22,"column":8},"end":{"line":22,"column":52}},"type":"binary-expr","locations":[{"start":{"line":22,"column":8},"end":{"line":22,"column":36}},{"start":{"line":22,"column":40},"end":{"line":22,"column":52}}],"line":22},"7":{"loc":{"start":{"line":25,"column":4},"end":{"line":27,"column":5}},"type":"if","locations":[{"start":{"line":25,"column":4},"end":{"line":27,"column":5}},{"start":{},"end":{}}],"line":25},"8":{"loc":{"start":{"line":25,"column":8},"end":{"line":25,"column":50}},"type":"binary-expr","locations":[{"start":{"line":25,"column":8},"end":{"line":25,"column":18}},{"start":{"line":25,"column":22},"end":{"line":25,"column":50}}],"line":25},"9":{"loc":{"start":{"line":28,"column":4},"end":{"line":30,"column":5}},"type":"if","locations":[{"start":{"line":28,"column":4},"end":{"line":30,"column":5}},{"start":{},"end":{}}],"line":28},"10":{"loc":{"start":{"line":28,"column":8},"end":{"line":28,"column":49}},"type":"binary-expr","locations":[{"start":{"line":28,"column":8},"end":{"line":28,"column":17}},{"start":{"line":28,"column":21},"end":{"line":28,"column":49}}],"line":28},"11":{"loc":{"start":{"line":32,"column":4},"end":{"line":34,"column":5}},"type":"if","locations":[{"start":{"line":32,"column":4},"end":{"line":34,"column":5}},{"start":{},"end":{}}],"line":32},"12":{"loc":{"start":{"line":32,"column":8},"end":{"line":32,"column":65}},"type":"binary-expr","locations":[{"start":{"line":32,"column":8},"end":{"line":32,"column":28}},{"start":{"line":32,"column":32},"end":{"line":32,"column":65}}],"line":32},"13":{"loc":{"start":{"line":40,"column":4},"end":{"line":63,"column":5}},"type":"if","locations":[{"start":{"line":40,"column":4},"end":{"line":63,"column":5}},{"start":{},"end":{}}],"line":40},"14":{"loc":{"start":{"line":40,"column":8},"end":{"line":40,"column":57}},"type":"binary-expr","locations":[{"start":{"line":40,"column":8},"end":{"line":40,"column":28}},{"start":{"line":40,"column":32},"end":{"line":40,"column":57}}],"line":40},"15":{"loc":{"start":{"line":53,"column":8},"end":{"line":58,"column":9}},"type":"if","locations":[{"start":{"line":53,"column":8},"end":{"line":58,"column":9}},{"start":{"line":56,"column":15},"end":{"line":58,"column":9}}],"line":53},"16":{"loc":{"start":{"line":71,"column":17},"end":{"line":71,"column":83}},"type":"cond-expr","locations":[{"start":{"line":71,"column":58},"end":{"line":71,"column":76}},{"start":{"line":71,"column":79},"end":{"line":71,"column":83}}],"line":71},"17":{"loc":{"start":{"line":72,"column":18},"end":{"line":72,"column":86}},"type":"cond-expr","locations":[{"start":{"line":72,"column":60},"end":{"line":72,"column":79}},{"start":{"line":72,"column":82},"end":{"line":72,"column":86}}],"line":72},"18":{"loc":{"start":{"line":75,"column":29},"end":{"line":75,"column":80}},"type":"binary-expr","locations":[{"start":{"line":75,"column":29},"end":{"line":75,"column":51}},{"start":{"line":75,"column":55},"end":{"line":75,"column":80}}],"line":75},"19":{"loc":{"start":{"line":89,"column":6},"end":{"line":91,"column":7}},"type":"if","locations":[{"start":{"line":89,"column":6},"end":{"line":91,"column":7}},{"start":{},"end":{}}],"line":89},"20":{"loc":{"start":{"line":89,"column":10},"end":{"line":89,"column":47}},"type":"binary-expr","locations":[{"start":{"line":89,"column":10},"end":{"line":89,"column":17}},{"start":{"line":89,"column":21},"end":{"line":89,"column":47}}],"line":89},"21":{"loc":{"start":{"line":107,"column":6},"end":{"line":109,"column":7}},"type":"if","locations":[{"start":{"line":107,"column":6},"end":{"line":109,"column":7}},{"start":{},"end":{}}],"line":107},"22":{"loc":{"start":{"line":107,"column":10},"end":{"line":107,"column":47}},"type":"binary-expr","locations":[{"start":{"line":107,"column":10},"end":{"line":107,"column":17}},{"start":{"line":107,"column":21},"end":{"line":107,"column":47}}],"line":107},"23":{"loc":{"start":{"line":117,"column":4},"end":{"line":119,"column":5}},"type":"if","locations":[{"start":{"line":117,"column":4},"end":{"line":119,"column":5}},{"start":{},"end":{}}],"line":117},"24":{"loc":{"start":{"line":131,"column":6},"end":{"line":133,"column":7}},"type":"if","locations":[{"start":{"line":131,"column":6},"end":{"line":133,"column":7}},{"start":{},"end":{}}],"line":131},"25":{"loc":{"start":{"line":131,"column":10},"end":{"line":131,"column":47}},"type":"binary-expr","locations":[{"start":{"line":131,"column":10},"end":{"line":131,"column":17}},{"start":{"line":131,"column":21},"end":{"line":131,"column":47}}],"line":131},"26":{"loc":{"start":{"line":139,"column":6},"end":{"line":142,"column":7}},"type":"if","locations":[{"start":{"line":139,"column":6},"end":{"line":142,"column":7}},{"start":{},"end":{}}],"line":139},"27":{"loc":{"start":{"line":144,"column":24},"end":{"line":144,"column":61}},"type":"cond-expr","locations":[{"start":{"line":144,"column":36},"end":{"line":144,"column":57}},{"start":{"line":144,"column":60},"end":{"line":144,"column":61}}],"line":144},"28":{"loc":{"start":{"line":156,"column":4},"end":{"line":158,"column":5}},"type":"if","locations":[{"start":{"line":156,"column":4},"end":{"line":158,"column":5}},{"start":{},"end":{}}],"line":156},"29":{"loc":{"start":{"line":156,"column":8},"end":{"line":156,"column":55}},"type":"binary-expr","locations":[{"start":{"line":156,"column":8},"end":{"line":156,"column":20}},{"start":{"line":156,"column":24},"end":{"line":156,"column":55}}],"line":156},"30":{"loc":{"start":{"line":160,"column":4},"end":{"line":162,"column":5}},"type":"if","locations":[{"start":{"line":160,"column":4},"end":{"line":162,"column":5}},{"start":{},"end":{}}],"line":160},"31":{"loc":{"start":{"line":174,"column":4},"end":{"line":180,"column":5}},"type":"if","locations":[{"start":{"line":174,"column":4},"end":{"line":180,"column":5}},{"start":{},"end":{}}],"line":174},"32":{"loc":{"start":{"line":178,"column":21},"end":{"line":178,"column":91}},"type":"cond-expr","locations":[{"start":{"line":178,"column":39},"end":{"line":178,"column":86}},{"start":{"line":178,"column":89},"end":{"line":178,"column":91}}],"line":178},"33":{"loc":{"start":{"line":184,"column":4},"end":{"line":187,"column":5}},"type":"if","locations":[{"start":{"line":184,"column":4},"end":{"line":187,"column":5}},{"start":{},"end":{}}],"line":184},"34":{"loc":{"start":{"line":184,"column":8},"end":{"line":184,"column":57}},"type":"binary-expr","locations":[{"start":{"line":184,"column":8},"end":{"line":184,"column":23}},{"start":{"line":184,"column":27},"end":{"line":184,"column":57}}],"line":184},"35":{"loc":{"start":{"line":196,"column":19},"end":{"line":196,"column":107}},"type":"cond-expr","locations":[{"start":{"line":196,"column":55},"end":{"line":196,"column":102}},{"start":{"line":196,"column":105},"end":{"line":196,"column":107}}],"line":196},"36":{"loc":{"start":{"line":196,"column":19},"end":{"line":196,"column":52}},"type":"binary-expr","locations":[{"start":{"line":196,"column":19},"end":{"line":196,"column":29}},{"start":{"line":196,"column":33},"end":{"line":196,"column":52}}],"line":196}},"s":{"0":1,"1":1,"2":1,"3":1,"4":1,"5":1,"6":13,"7":13,"8":13,"9":1,"10":12,"11":1,"12":11,"13":1,"14":10,"15":1,"16":9,"17":1,"18":8,"19":1,"20":7,"21":1,"22":6,"23":6,"24":6,"25":3,"26":3,"27":3,"28":3,"29":3,"30":3,"31":3,"32":0,"33":0,"34":6,"35":6,"36":6,"37":0,"38":1,"39":2,"40":2,"41":2,"42":0,"43":2,"44":2,"45":2,"46":4,"47":2,"48":0,"49":1,"50":1,"51":1,"52":1,"53":0,"54":1,"55":1,"56":1,"57":1,"58":6,"59":6,"60":1,"61":0,"62":1,"63":1,"64":0,"65":1,"66":1,"67":1,"68":1,"69":0,"70":1,"71":1,"72":1,"73":1,"74":6,"75":6,"76":6,"77":6,"78":1,"79":1,"80":0,"81":1,"82":4,"83":4,"84":4,"85":1,"86":3,"87":1,"88":2,"89":2,"90":2,"91":1,"92":1,"93":1,"94":1,"95":1,"96":1,"97":0,"98":0,"99":1,"100":1,"101":1,"102":1,"103":0,"104":0,"105":1},"f":{"0":13,"1":2,"2":4,"3":1,"4":6,"5":1,"6":6,"7":4,"8":1},"b":{"0":[1,12],"1":[13,12,12],"2":[1,11],"3":[12,11],"4":[1,10],"5":[1,9],"6":[10,10],"7":[1,8],"8":[9,9],"9":[1,7],"10":[8,8],"11":[1,6],"12":[7,7],"13":[3,3],"14":[6,6],"15":[3,0],"16":[6,0],"17":[6,0],"18":[6,6],"19":[0,2],"20":[2,2],"21":[0,1],"22":[1,1],"23":[0,1],"24":[0,1],"25":[1,1],"26":[6,0],"27":[1,0],"28":[1,3],"29":[4,3],"30":[1,2],"31":[1,1],"32":[0,1],"33":[1,0],"34":[1,1],"35":[0,1],"36":[1,1]},"_coverageSchema":"1a1c01bbd47fc00a2c39e90264f33305004495a9","hash":"73a10badc3e39c5c4bf3ee4f04a106c68d937964"}
,"/workspace/backend-v1/utils/voiceRecognition.js": {"path":"/workspace/backend-v1/utils/voiceRecognition.js","statementMap":{"0":{"start":{"line":5,"column":19},"end":{"line":5,"column":53}},"1":{"start":{"line":6,"column":18},"end":{"line":10,"column":5}},"2":{"start":{"line":6,"column":55},"end":{"line":10,"column":3}},"3":{"start":{"line":13,"column":21},"end":{"line":13,"column":63}},"4":{"start":{"line":13,"column":41},"end":{"line":13,"column":62}},"5":{"start":{"line":14,"column":2},"end":{"line":21,"column":3}},"6":{"start":{"line":15,"column":4},"end":{"line":20,"column":6}},"7":{"start":{"line":24,"column":22},"end":{"line":24,"column":54}},"8":{"start":{"line":25,"column":2},"end":{"line":27,"column":3}},"9":{"start":{"line":26,"column":4},"end":{"line":26,"column":23}},"10":{"start":{"line":30,"column":24},"end":{"line":30,"column":58}},"11":{"start":{"line":31,"column":2},"end":{"line":33,"column":3}},"12":{"start":{"line":32,"column":4},"end":{"line":32,"column":25}},"13":{"start":{"line":36,"column":23},"end":{"line":36,"column":57}},"14":{"start":{"line":37,"column":2},"end":{"line":39,"column":3}},"15":{"start":{"line":38,"column":4},"end":{"line":38,"column":24}},"16":{"start":{"line":42,"column":2},"end":{"line":47,"column":4}},"17":{"start":{"line":52,"column":25},"end":{"line":57,"column":3}},"18":{"start":{"line":59,"column":2},"end":{"line":68,"column":3}},"19":{"start":{"line":60,"column":4},"end":{"line":67,"column":5}},"20":{"start":{"line":61,"column":6},"end":{"line":66,"column":8}},"21":{"start":{"line":70,"column":2},"end":{"line":70,"column":28}},"22":{"start":{"line":75,"column":24},"end":{"line":78,"column":3}},"23":{"start":{"line":80,"column":2},"end":{"line":89,"column":3}},"24":{"start":{"line":80,"column":15},"end":{"line":80,"column":16}},"25":{"start":{"line":81,"column":4},"end":{"line":88,"column":5}},"26":{"start":{"line":82,"column":6},"end":{"line":87,"column":8}},"27":{"start":{"line":91,"column":2},"end":{"line":91,"column":28}},"28":{"start":{"line":96,"column":18},"end":{"line":96,"column":51}},"29":{"start":{"line":98,"column":2},"end":{"line":121,"column":5}},"30":{"start":{"line":99,"column":18},"end":{"line":99,"column":72}},"31":{"start":{"line":99,"column":56},"end":{"line":99,"column":71}},"32":{"start":{"line":100,"column":21},"end":{"line":100,"column":22}},"33":{"start":{"line":102,"column":4},"end":{"line":106,"column":7}},"34":{"start":{"line":103,"column":6},"end":{"line":105,"column":7}},"35":{"start":{"line":104,"column":8},"end":{"line":104,"column":21}},"36":{"start":{"line":109,"column":23},"end":{"line":109,"column":47}},"37":{"start":{"line":110,"column":23},"end":{"line":110,"column":48}},"38":{"start":{"line":113,"column":4},"end":{"line":120,"column":5}},"39":{"start":{"line":114,"column":6},"end":{"line":119,"column":8}},"40":{"start":{"line":123,"column":2},"end":{"line":123,"column":19}},"41":{"start":{"line":128,"column":22},"end":{"line":128,"column":24}},"42":{"start":{"line":131,"column":2},"end":{"line":134,"column":5}},"43":{"start":{"line":132,"column":19},"end":{"line":132,"column":50}},"44":{"start":{"line":133,"column":4},"end":{"line":133,"column":76}},"45":{"start":{"line":137,"column":24},"end":{"line":137,"column":67}},"46":{"start":{"line":138,"column":2},"end":{"line":142,"column":5}},"47":{"start":{"line":139,"column":4},"end":{"line":141,"column":5}},"48":{"start":{"line":140,"column":6},"end":{"line":140,"column":64}},"49":{"start":{"line":144,"column":2},"end":{"line":144,"column":21}},"50":{"start":{"line":147,"column":0},"end":{"line":150,"column":2}}},"fnMap":{"0":{"name":"matchVoiceResponse","decl":{"start":{"line":4,"column":9},"end":{"line":4,"column":27}},"loc":{"start":{"line":4,"column":60},"end":{"line":48,"column":1}},"line":4},"1":{"name":"(anonymous_1)","decl":{"start":{"line":6,"column":38},"end":{"line":6,"column":39}},"loc":{"start":{"line":6,"column":55},"end":{"line":10,"column":3}},"line":6},"2":{"name":"(anonymous_2)","decl":{"start":{"line":13,"column":34},"end":{"line":13,"column":35}},"loc":{"start":{"line":13,"column":41},"end":{"line":13,"column":62}},"line":13},"3":{"name":"matchByLetter","decl":{"start":{"line":51,"column":9},"end":{"line":51,"column":22}},"loc":{"start":{"line":51,"column":42},"end":{"line":71,"column":1}},"line":51},"4":{"name":"matchByPosition","decl":{"start":{"line":74,"column":9},"end":{"line":74,"column":24}},"loc":{"start":{"line":74,"column":44},"end":{"line":92,"column":1}},"line":74},"5":{"name":"matchByKeywords","decl":{"start":{"line":95,"column":9},"end":{"line":95,"column":24}},"loc":{"start":{"line":95,"column":44},"end":{"line":124,"column":1}},"line":95},"6":{"name":"(anonymous_6)","decl":{"start":{"line":98,"column":18},"end":{"line":98,"column":19}},"loc":{"start":{"line":98,"column":37},"end":{"line":121,"column":3}},"line":98},"7":{"name":"(anonymous_7)","decl":{"start":{"line":99,"column":48},"end":{"line":99,"column":49}},"loc":{"start":{"line":99,"column":56},"end":{"line":99,"column":71}},"line":99},"8":{"name":"(anonymous_8)","decl":{"start":{"line":102,"column":18},"end":{"line":102,"column":19}},"loc":{"start":{"line":102,"column":26},"end":{"line":106,"column":5}},"line":102},"9":{"name":"generateSuggestions","decl":{"start":{"line":127,"column":9},"end":{"line":127,"column":28}},"loc":{"start":{"line":127,"column":46},"end":{"line":145,"column":1}},"line":127},"10":{"name":"(anonymous_10)","decl":{"start":{"line":131,"column":26},"end":{"line":131,"column":27}},"loc":{"start":{"line":131,"column":45},"end":{"line":134,"column":3}},"line":131},"11":{"name":"(anonymous_11)","decl":{"start":{"line":138,"column":26},"end":{"line":138,"column":27}},"loc":{"start":{"line":138,"column":45},"end":{"line":142,"column":3}},"line":138}},"branchMap":{"0":{"loc":{"start":{"line":14,"column":2},"end":{"line":21,"column":3}},"type":"if","locations":[{"start":{"line":14,"column":2},"end":{"line":21,"column":3}},{"start":{},"end":{}}],"line":14},"1":{"loc":{"start":{"line":25,"column":2},"end":{"line":27,"column":3}},"type":"if","locations":[{"start":{"line":25,"column":2},"end":{"line":27,"column":3}},{"start":{},"end":{}}],"line":25},"2":{"loc":{"start":{"line":31,"column":2},"end":{"line":33,"column":3}},"type":"if","locations":[{"start":{"line":31,"column":2},"end":{"line":33,"column":3}},{"start":{},"end":{}}],"line":31},"3":{"loc":{"start":{"line":37,"column":2},"end":{"line":39,"column":3}},"type":"if","locations":[{"start":{"line":37,"column":2},"end":{"line":39,"column":3}},{"start":{},"end":{}}],"line":37},"4":{"loc":{"start":{"line":60,"column":4},"end":{"line":67,"column":5}},"type":"if","locations":[{"start":{"line":60,"column":4},"end":{"line":67,"column":5}},{"start":{},"end":{}}],"line":60},"5":{"loc":{"start":{"line":60,"column":8},"end":{"line":60,"column":60}},"type":"binary-expr","locations":[{"start":{"line":60,"column":8},"end":{"line":60,"column":34}},{"start":{"line":60,"column":38},"end":{"line":60,"column":60}}],"line":60},"6":{"loc":{"start":{"line":80,"column":18},"end":{"line":80,"column":64}},"type":"binary-expr","locations":[{"start":{"line":80,"column":18},"end":{"line":80,"column":42}},{"start":{"line":80,"column":46},"end":{"line":80,"column":64}}],"line":80},"7":{"loc":{"start":{"line":81,"column":4},"end":{"line":88,"column":5}},"type":"if","locations":[{"start":{"line":81,"column":4},"end":{"line":88,"column":5}},{"start":{},"end":{}}],"line":81},"8":{"loc":{"start":{"line":103,"column":6},"end":{"line":105,"column":7}},"type":"if","locations":[{"start":{"line":103,"column":6},"end":{"line":105,"column":7}},{"start":{},"end":{}}],"line":103},"9":{"loc":{"start":{"line":109,"column":23},"end":{"line":109,"column":47}},"type":"cond-expr","locations":[{"start":{"line":109,"column":42},"end":{"line":109,"column":43}},{"start":{"line":109,"column":46},"end":{"line":109,"column":47}}],"line":109},"10":{"loc":{"start":{"line":113,"column":4},"end":{"line":120,"column":5}},"type":"if","locations":[{"start":{"line":113,"column":4},"end":{"line":120,"column":5}},{"start":{},"end":{}}],"line":113},"11":{"loc":{"start":{"line":113,"column":8},"end":{"line":113,"column":89}},"type":"binary-expr","locations":[{"start":{"line":113,"column":8},"end":{"line":113,"column":32}},{"start":{"line":113,"column":36},"end":{"line":113,"column":52}},{"start":{"line":113,"column":56},"end":{"line":113,"column":89}}],"line":113},"12":{"loc":{"start":{"line":139,"column":4},"end":{"line":141,"column":5}},"type":"if","locations":[{"start":{"line":139,"column":4},"end":{"line":141,"column":5}},{"start":{},"end":{}}],"line":139}},"s":{"0":1,"1":1,"2":4,"3":1,"4":4,"5":1,"6":0,"7":1,"8":1,"9":1,"10":0,"11":0,"12":0,"13":0,"14":0,"15":0,"16":0,"17":1,"18":1,"19":5,"20":1,"21":0,"22":0,"23":0,"24":0,"25":0,"26":0,"27":0,"28":0,"29":0,"30":0,"31":0,"32":0,"33":0,"34":0,"35":0,"36":0,"37":0,"38":0,"39":0,"40":0,"41":0,"42":0,"43":0,"44":0,"45":0,"46":0,"47":0,"48":0,"49":0,"50":1},"f":{"0":1,"1":4,"2":4,"3":1,"4":0,"5":0,"6":0,"7":0,"8":0,"9":0,"10":0,"11":0},"b":{"0":[0,1],"1":[1,0],"2":[0,0],"3":[0,0],"4":[1,4],"5":[5,1],"6":[0,0],"7":[0,0],"8":[0,0],"9":[0,0],"10":[0,0],"11":[0,0,0],"12":[0,0]},"_coverageSchema":"1a1c01bbd47fc00a2c39e90264f33305004495a9","hash":"1972650c8f17dc7cb44e24a9abd5f2b07ee86e1f"}
}
