{"/home/ervin/Desktop/PROYECTO-2/backend-v1/firebase.js": {"path":"/home/ervin/Desktop/PROYECTO-2/backend-v1/firebase.js","statementMap":{"0":{"start":{"line":1,"column":14},"end":{"line":1,"column":39}},"1":{"start":{"line":2,"column":13},"end":{"line":2,"column":28}},"2":{"start":{"line":5,"column":0},"end":{"line":11,"column":1}},"3":{"start":{"line":7,"column":2},"end":{"line":7,"column":63}},"4":{"start":{"line":10,"column":2},"end":{"line":10,"column":78}},"5":{"start":{"line":13,"column":0},"end":{"line":15,"column":3}},"6":{"start":{"line":17,"column":11},"end":{"line":17,"column":28}},"7":{"start":{"line":18,"column":13},"end":{"line":18,"column":25}},"8":{"start":{"line":20,"column":0},"end":{"line":20,"column":37}}},"fnMap":{},"branchMap":{"0":{"loc":{"start":{"line":5,"column":0},"end":{"line":11,"column":1}},"type":"if","locations":[{"start":{"line":5,"column":0},"end":{"line":11,"column":1}},{"start":{"line":8,"column":7},"end":{"line":11,"column":1}}],"line":5}},"s":{"0":3,"1":3,"2":3,"3":1,"4":2,"5":2,"6":2,"7":2,"8":2},"f":{},"b":{"0":[1,2]},"_coverageSchema":"1a1c01bbd47fc00a2c39e90264f33305004495a9","hash":"1fef23045a5ad9da75b7c7c23bb128c12b4a137f"}
,"/home/ervin/Desktop/PROYECTO-2/backend-v1/hybridServer.js": {"path":"/home/ervin/Desktop/PROYECTO-2/backend-v1/hybridServer.js","statementMap":{"0":{"start":{"line":2,"column":0},"end":{"line":2,"column":27}},"1":{"start":{"line":3,"column":16},"end":{"line":3,"column":34}},"2":{"start":{"line":4,"column":13},"end":{"line":4,"column":28}},"3":{"start":{"line":5,"column":13},"end":{"line":5,"column":28}},"4":{"start":{"line":6,"column":19},"end":{"line":6,"column":39}},"5":{"start":{"line":7,"column":21},"end":{"line":7,"column":42}},"6":{"start":{"line":9,"column":12},"end":{"line":9,"column":21}},"7":{"start":{"line":10,"column":15},"end":{"line":10,"column":37}},"8":{"start":{"line":11,"column":11},"end":{"line":16,"column":2}},"9":{"start":{"line":19,"column":18},"end":{"line":19,"column":47}},"10":{"start":{"line":20,"column":11},"end":{"line":20,"column":24}},"11":{"start":{"line":21,"column":13},"end":{"line":21,"column":31}},"12":{"start":{"line":22,"column":24},"end":{"line":22,"column":95}},"13":{"start":{"line":23,"column":0},"end":{"line":23,"column":72}},"14":{"start":{"line":25,"column":0},"end":{"line":25,"column":16}},"15":{"start":{"line":26,"column":0},"end":{"line":26,"column":24}},"16":{"start":{"line":28,"column":0},"end":{"line":28,"column":49}},"17":{"start":{"line":29,"column":0},"end":{"line":29,"column":49}},"18":{"start":{"line":30,"column":0},"end":{"line":30,"column":57}},"19":{"start":{"line":31,"column":0},"end":{"line":31,"column":43}},"20":{"start":{"line":33,"column":0},"end":{"line":33,"column":74}},"21":{"start":{"line":35,"column":0},"end":{"line":35,"column":62}},"22":{"start":{"line":37,"column":0},"end":{"line":342,"column":3}},"23":{"start":{"line":39,"column":2},"end":{"line":43,"column":5}},"24":{"start":{"line":41,"column":4},"end":{"line":41,"column":24}},"25":{"start":{"line":42,"column":4},"end":{"line":42,"column":38}},"26":{"start":{"line":47,"column":2},"end":{"line":116,"column":5}},"27":{"start":{"line":48,"column":4},"end":{"line":115,"column":5}},"28":{"start":{"line":51,"column":6},"end":{"line":54,"column":7}},"29":{"start":{"line":52,"column":8},"end":{"line":52,"column":72}},"30":{"start":{"line":53,"column":8},"end":{"line":53,"column":15}},"31":{"start":{"line":56,"column":6},"end":{"line":61,"column":7}},"32":{"start":{"line":57,"column":8},"end":{"line":57,"column":63}},"33":{"start":{"line":59,"column":8},"end":{"line":59,"column":88}},"34":{"start":{"line":60,"column":8},"end":{"line":60,"column":15}},"35":{"start":{"line":62,"column":6},"end":{"line":65,"column":7}},"36":{"start":{"line":63,"column":8},"end":{"line":63,"column":75}},"37":{"start":{"line":64,"column":8},"end":{"line":64,"column":15}},"38":{"start":{"line":66,"column":23},"end":{"line":66,"column":77}},"39":{"start":{"line":68,"column":22},"end":{"line":68,"column":79}},"40":{"start":{"line":69,"column":6},"end":{"line":72,"column":7}},"41":{"start":{"line":70,"column":8},"end":{"line":70,"column":100}},"42":{"start":{"line":71,"column":8},"end":{"line":71,"column":15}},"43":{"start":{"line":74,"column":6},"end":{"line":80,"column":7}},"44":{"start":{"line":75,"column":30},"end":{"line":75,"column":93}},"45":{"start":{"line":75,"column":51},"end":{"line":75,"column":92}},"46":{"start":{"line":76,"column":8},"end":{"line":79,"column":9}},"47":{"start":{"line":77,"column":10},"end":{"line":77,"column":98}},"48":{"start":{"line":78,"column":10},"end":{"line":78,"column":17}},"49":{"start":{"line":81,"column":6},"end":{"line":84,"column":7}},"50":{"start":{"line":82,"column":8},"end":{"line":82,"column":99}},"51":{"start":{"line":83,"column":8},"end":{"line":83,"column":15}},"52":{"start":{"line":86,"column":28},"end":{"line":92,"column":8}},"53":{"start":{"line":87,"column":8},"end":{"line":90,"column":9}},"54":{"start":{"line":88,"column":36},"end":{"line":88,"column":37}},"55":{"start":{"line":89,"column":10},"end":{"line":89,"column":45}},"56":{"start":{"line":91,"column":8},"end":{"line":91,"column":17}},"57":{"start":{"line":93,"column":6},"end":{"line":95,"column":7}},"58":{"start":{"line":94,"column":8},"end":{"line":94,"column":66}},"59":{"start":{"line":97,"column":23},"end":{"line":108,"column":7}},"60":{"start":{"line":109,"column":6},"end":{"line":109,"column":63}},"61":{"start":{"line":110,"column":6},"end":{"line":110,"column":28}},"62":{"start":{"line":111,"column":2},"end":{"line":111,"column":92}},"63":{"start":{"line":114,"column":6},"end":{"line":114,"column":53}},"64":{"start":{"line":119,"column":2},"end":{"line":142,"column":5}},"65":{"start":{"line":120,"column":4},"end":{"line":141,"column":5}},"66":{"start":{"line":121,"column":22},"end":{"line":121,"column":56}},"67":{"start":{"line":122,"column":22},"end":{"line":122,"column":41}},"68":{"start":{"line":123,"column":6},"end":{"line":126,"column":7}},"69":{"start":{"line":124,"column":8},"end":{"line":124,"column":58}},"70":{"start":{"line":125,"column":8},"end":{"line":125,"column":15}},"71":{"start":{"line":127,"column":19},"end":{"line":127,"column":33}},"72":{"start":{"line":128,"column":6},"end":{"line":131,"column":7}},"73":{"start":{"line":129,"column":8},"end":{"line":129,"column":64}},"74":{"start":{"line":130,"column":8},"end":{"line":130,"column":15}},"75":{"start":{"line":132,"column":28},"end":{"line":132,"column":65}},"76":{"start":{"line":132,"column":51},"end":{"line":132,"column":64}},"77":{"start":{"line":133,"column":6},"end":{"line":136,"column":7}},"78":{"start":{"line":134,"column":8},"end":{"line":134,"column":77}},"79":{"start":{"line":135,"column":8},"end":{"line":135,"column":56}},"80":{"start":{"line":137,"column":6},"end":{"line":137,"column":26}},"81":{"start":{"line":138,"column":6},"end":{"line":138,"column":68}},"82":{"start":{"line":140,"column":6},"end":{"line":140,"column":53}},"83":{"start":{"line":145,"column":2},"end":{"line":166,"column":5}},"84":{"start":{"line":146,"column":4},"end":{"line":165,"column":5}},"85":{"start":{"line":147,"column":22},"end":{"line":147,"column":56}},"86":{"start":{"line":148,"column":22},"end":{"line":148,"column":41}},"87":{"start":{"line":149,"column":6},"end":{"line":152,"column":7}},"88":{"start":{"line":150,"column":8},"end":{"line":150,"column":58}},"89":{"start":{"line":151,"column":8},"end":{"line":151,"column":15}},"90":{"start":{"line":153,"column":19},"end":{"line":153,"column":33}},"91":{"start":{"line":154,"column":6},"end":{"line":157,"column":7}},"92":{"start":{"line":155,"column":8},"end":{"line":155,"column":86}},"93":{"start":{"line":156,"column":8},"end":{"line":156,"column":15}},"94":{"start":{"line":158,"column":6},"end":{"line":158,"column":54}},"95":{"start":{"line":159,"column":6},"end":{"line":159,"column":83}},"96":{"start":{"line":160,"column":6},"end":{"line":162,"column":15}},"97":{"start":{"line":161,"column":8},"end":{"line":161,"column":36}},"98":{"start":{"line":164,"column":6},"end":{"line":164,"column":53}},"99":{"start":{"line":169,"column":2},"end":{"line":341,"column":5}},"100":{"start":{"line":170,"column":4},"end":{"line":340,"column":5}},"101":{"start":{"line":172,"column":24},"end":{"line":172,"column":33}},"102":{"start":{"line":173,"column":6},"end":{"line":175,"column":7}},"103":{"start":{"line":174,"column":8},"end":{"line":174,"column":47}},"104":{"start":{"line":176,"column":22},"end":{"line":176,"column":56}},"105":{"start":{"line":177,"column":22},"end":{"line":177,"column":41}},"106":{"start":{"line":178,"column":6},"end":{"line":181,"column":7}},"107":{"start":{"line":179,"column":8},"end":{"line":179,"column":58}},"108":{"start":{"line":180,"column":8},"end":{"line":180,"column":15}},"109":{"start":{"line":182,"column":19},"end":{"line":182,"column":33}},"110":{"start":{"line":183,"column":23},"end":{"line":183,"column":59}},"111":{"start":{"line":184,"column":6},"end":{"line":187,"column":7}},"112":{"start":{"line":185,"column":8},"end":{"line":185,"column":63}},"113":{"start":{"line":186,"column":8},"end":{"line":186,"column":15}},"114":{"start":{"line":188,"column":6},"end":{"line":188,"column":57}},"115":{"start":{"line":188,"column":32},"end":{"line":188,"column":57}},"116":{"start":{"line":190,"column":27},"end":{"line":190,"column":37}},"117":{"start":{"line":192,"column":6},"end":{"line":192,"column":93}},"118":{"start":{"line":193,"column":6},"end":{"line":193,"column":28}},"119":{"start":{"line":194,"column":22},"end":{"line":194,"column":56}},"120":{"start":{"line":195,"column":22},"end":{"line":195,"column":24}},"121":{"start":{"line":196,"column":6},"end":{"line":200,"column":9}},"122":{"start":{"line":197,"column":8},"end":{"line":199,"column":9}},"123":{"start":{"line":198,"column":10},"end":{"line":198,"column":69}},"124":{"start":{"line":202,"column":6},"end":{"line":337,"column":7}},"125":{"start":{"line":203,"column":29},"end":{"line":205,"column":21}},"126":{"start":{"line":208,"column":34},"end":{"line":210,"column":22}},"127":{"start":{"line":212,"column":31},"end":{"line":240,"column":10}},"128":{"start":{"line":213,"column":25},"end":{"line":213,"column":44}},"129":{"start":{"line":214,"column":22},"end":{"line":214,"column":34}},"130":{"start":{"line":215,"column":30},"end":{"line":215,"column":56}},"131":{"start":{"line":218,"column":10},"end":{"line":221,"column":11}},"132":{"start":{"line":219,"column":35},"end":{"line":219,"column":74}},"133":{"start":{"line":220,"column":12},"end":{"line":220,"column":47}},"134":{"start":{"line":224,"column":10},"end":{"line":238,"column":11}},"135":{"start":{"line":225,"column":12},"end":{"line":237,"column":13}},"136":{"start":{"line":230,"column":14},"end":{"line":230,"column":25}},"137":{"start":{"line":231,"column":19},"end":{"line":237,"column":13}},"138":{"start":{"line":236,"column":14},"end":{"line":236,"column":25}},"139":{"start":{"line":239,"column":10},"end":{"line":239,"column":53}},"140":{"start":{"line":241,"column":8},"end":{"line":241,"column":58}},"141":{"start":{"line":242,"column":8},"end":{"line":246,"column":11}},"142":{"start":{"line":247,"column":26},"end":{"line":247,"column":50}},"143":{"start":{"line":248,"column":8},"end":{"line":336,"column":17}},"144":{"start":{"line":249,"column":10},"end":{"line":335,"column":11}},"145":{"start":{"line":250,"column":12},"end":{"line":250,"column":65}},"146":{"start":{"line":251,"column":12},"end":{"line":251,"column":48}},"147":{"start":{"line":253,"column":12},"end":{"line":253,"column":57}},"148":{"start":{"line":254,"column":12},"end":{"line":254,"column":76}},"149":{"start":{"line":257,"column":33},"end":{"line":257,"column":52}},"150":{"start":{"line":258,"column":30},"end":{"line":258,"column":49}},"151":{"start":{"line":259,"column":24},"end":{"line":259,"column":34}},"152":{"start":{"line":260,"column":28},"end":{"line":260,"column":51}},"153":{"start":{"line":261,"column":35},"end":{"line":261,"column":102}},"154":{"start":{"line":263,"column":29},"end":{"line":263,"column":67}},"155":{"start":{"line":263,"column":58},"end":{"line":263,"column":65}},"156":{"start":{"line":264,"column":40},"end":{"line":264,"column":81}},"157":{"start":{"line":264,"column":60},"end":{"line":264,"column":80}},"158":{"start":{"line":267,"column":49},"end":{"line":270,"column":13}},"159":{"start":{"line":268,"column":14},"end":{"line":268,"column":80}},"160":{"start":{"line":268,"column":64},"end":{"line":268,"column":80}},"161":{"start":{"line":269,"column":14},"end":{"line":269,"column":95}},"162":{"start":{"line":269,"column":57},"end":{"line":269,"column":67}},"163":{"start":{"line":273,"column":28},"end":{"line":273,"column":32}},"164":{"start":{"line":274,"column":12},"end":{"line":290,"column":13}},"165":{"start":{"line":276,"column":14},"end":{"line":276,"column":53}},"166":{"start":{"line":277,"column":19},"end":{"line":290,"column":13}},"167":{"start":{"line":279,"column":34},"end":{"line":279,"column":56}},"168":{"start":{"line":280,"column":32},"end":{"line":280,"column":89}},"169":{"start":{"line":282,"column":14},"end":{"line":288,"column":15}},"170":{"start":{"line":282,"column":27},"end":{"line":282,"column":28}},"171":{"start":{"line":283,"column":36},"end":{"line":283,"column":102}},"172":{"start":{"line":284,"column":16},"end":{"line":287,"column":17}},"173":{"start":{"line":285,"column":18},"end":{"line":285,"column":44}},"174":{"start":{"line":286,"column":18},"end":{"line":286,"column":57}},"175":{"start":{"line":289,"column":14},"end":{"line":289,"column":44}},"176":{"start":{"line":292,"column":12},"end":{"line":334,"column":13}},"177":{"start":{"line":293,"column":29},"end":{"line":295,"column":24}},"178":{"start":{"line":297,"column":29},"end":{"line":297,"column":60}},"179":{"start":{"line":298,"column":14},"end":{"line":309,"column":17}},"180":{"start":{"line":304,"column":43},"end":{"line":304,"column":101}},"181":{"start":{"line":312,"column":30},"end":{"line":312,"column":68}},"182":{"start":{"line":313,"column":14},"end":{"line":333,"column":17}},"183":{"start":{"line":314,"column":32},"end":{"line":314,"column":52}},"184":{"start":{"line":315,"column":28},"end":{"line":315,"column":74}},"185":{"start":{"line":316,"column":31},"end":{"line":316,"column":33}},"186":{"start":{"line":317,"column":16},"end":{"line":327,"column":17}},"187":{"start":{"line":319,"column":18},"end":{"line":319,"column":84}},"188":{"start":{"line":319,"column":42},"end":{"line":319,"column":84}},"189":{"start":{"line":320,"column":18},"end":{"line":320,"column":66}},"190":{"start":{"line":320,"column":36},"end":{"line":320,"column":66}},"191":{"start":{"line":321,"column":18},"end":{"line":321,"column":41}},"192":{"start":{"line":322,"column":18},"end":{"line":322,"column":43}},"193":{"start":{"line":325,"column":18},"end":{"line":325,"column":56}},"194":{"start":{"line":326,"column":18},"end":{"line":326,"column":44}},"195":{"start":{"line":328,"column":36},"end":{"line":328,"column":64}},"196":{"start":{"line":329,"column":29},"end":{"line":329,"column":75}},"197":{"start":{"line":330,"column":39},"end":{"line":330,"column":88}},"198":{"start":{"line":331,"column":16},"end":{"line":331,"column":111}},"199":{"start":{"line":339,"column":6},"end":{"line":339,"column":53}},"200":{"start":{"line":345,"column":18},"end":{"line":345,"column":52}},"201":{"start":{"line":346,"column":18},"end":{"line":346,"column":37}},"202":{"start":{"line":347,"column":2},"end":{"line":347,"column":30}},"203":{"start":{"line":347,"column":23},"end":{"line":347,"column":30}},"204":{"start":{"line":348,"column":15},"end":{"line":348,"column":29}},"205":{"start":{"line":349,"column":2},"end":{"line":353,"column":3}},"206":{"start":{"line":350,"column":4},"end":{"line":350,"column":66}},"207":{"start":{"line":351,"column":4},"end":{"line":351,"column":49}},"208":{"start":{"line":352,"column":4},"end":{"line":352,"column":11}},"209":{"start":{"line":356,"column":28},"end":{"line":356,"column":38}},"210":{"start":{"line":357,"column":29},"end":{"line":357,"column":58}},"211":{"start":{"line":358,"column":2},"end":{"line":358,"column":56}},"212":{"start":{"line":359,"column":2},"end":{"line":359,"column":47}},"213":{"start":{"line":361,"column":17},"end":{"line":361,"column":46}},"214":{"start":{"line":363,"column":2},"end":{"line":375,"column":3}},"215":{"start":{"line":364,"column":4},"end":{"line":370,"column":5}},"216":{"start":{"line":365,"column":32},"end":{"line":365,"column":40}},"217":{"start":{"line":366,"column":6},"end":{"line":366,"column":45}},"218":{"start":{"line":367,"column":11},"end":{"line":370,"column":5}},"219":{"start":{"line":368,"column":6},"end":{"line":368,"column":158}},"220":{"start":{"line":369,"column":6},"end":{"line":369,"column":13}},"221":{"start":{"line":372,"column":4},"end":{"line":372,"column":74}},"222":{"start":{"line":374,"column":4},"end":{"line":374,"column":160}},"223":{"start":{"line":378,"column":13},"end":{"line":378,"column":37}},"224":{"start":{"line":379,"column":0},"end":{"line":381,"column":3}},"225":{"start":{"line":383,"column":0},"end":{"line":383,"column":25}}},"fnMap":{"0":{"name":"(anonymous_0)","decl":{"start":{"line":37,"column":20},"end":{"line":37,"column":21}},"loc":{"start":{"line":37,"column":32},"end":{"line":342,"column":1}},"line":37},"1":{"name":"(anonymous_1)","decl":{"start":{"line":39,"column":31},"end":{"line":39,"column":32}},"loc":{"start":{"line":39,"column":53},"end":{"line":43,"column":3}},"line":39},"2":{"name":"(anonymous_2)","decl":{"start":{"line":47,"column":26},"end":{"line":47,"column":27}},"loc":{"start":{"line":47,"column":45},"end":{"line":116,"column":3}},"line":47},"3":{"name":"(anonymous_3)","decl":{"start":{"line":75,"column":46},"end":{"line":75,"column":47}},"loc":{"start":{"line":75,"column":51},"end":{"line":75,"column":92}},"line":75},"4":{"name":"(anonymous_4)","decl":{"start":{"line":86,"column":42},"end":{"line":86,"column":43}},"loc":{"start":{"line":86,"column":47},"end":{"line":92,"column":7}},"line":86},"5":{"name":"(anonymous_5)","decl":{"start":{"line":119,"column":24},"end":{"line":119,"column":25}},"loc":{"start":{"line":119,"column":64},"end":{"line":142,"column":3}},"line":119},"6":{"name":"(anonymous_6)","decl":{"start":{"line":132,"column":46},"end":{"line":132,"column":47}},"loc":{"start":{"line":132,"column":51},"end":{"line":132,"column":64}},"line":132},"7":{"name":"(anonymous_7)","decl":{"start":{"line":145,"column":25},"end":{"line":145,"column":26}},"loc":{"start":{"line":145,"column":47},"end":{"line":166,"column":3}},"line":145},"8":{"name":"(anonymous_8)","decl":{"start":{"line":160,"column":17},"end":{"line":160,"column":18}},"loc":{"start":{"line":160,"column":23},"end":{"line":162,"column":7}},"line":160},"9":{"name":"(anonymous_9)","decl":{"start":{"line":169,"column":28},"end":{"line":169,"column":29}},"loc":{"start":{"line":169,"column":68},"end":{"line":341,"column":3}},"line":169},"10":{"name":"(anonymous_10)","decl":{"start":{"line":196,"column":22},"end":{"line":196,"column":23}},"loc":{"start":{"line":196,"column":27},"end":{"line":200,"column":7}},"line":196},"11":{"name":"(anonymous_11)","decl":{"start":{"line":212,"column":48},"end":{"line":212,"column":49}},"loc":{"start":{"line":212,"column":58},"end":{"line":240,"column":9}},"line":212},"12":{"name":"(anonymous_12)","decl":{"start":{"line":248,"column":19},"end":{"line":248,"column":20}},"loc":{"start":{"line":248,"column":31},"end":{"line":336,"column":9}},"line":248},"13":{"name":"(anonymous_13)","decl":{"start":{"line":263,"column":53},"end":{"line":263,"column":54}},"loc":{"start":{"line":263,"column":58},"end":{"line":263,"column":65}},"line":263},"14":{"name":"(anonymous_14)","decl":{"start":{"line":264,"column":55},"end":{"line":264,"column":56}},"loc":{"start":{"line":264,"column":60},"end":{"line":264,"column":80}},"line":264},"15":{"name":"(anonymous_15)","decl":{"start":{"line":267,"column":49},"end":{"line":267,"column":50}},"loc":{"start":{"line":267,"column":68},"end":{"line":270,"column":13}},"line":267},"16":{"name":"(anonymous_16)","decl":{"start":{"line":269,"column":42},"end":{"line":269,"column":43}},"loc":{"start":{"line":269,"column":57},"end":{"line":269,"column":67}},"line":269},"17":{"name":"(anonymous_17)","decl":{"start":{"line":304,"column":37},"end":{"line":304,"column":38}},"loc":{"start":{"line":304,"column":43},"end":{"line":304,"column":101}},"line":304},"18":{"name":"(anonymous_18)","decl":{"start":{"line":313,"column":38},"end":{"line":313,"column":39}},"loc":{"start":{"line":313,"column":51},"end":{"line":333,"column":15}},"line":313},"19":{"name":"sendQuestion","decl":{"start":{"line":344,"column":15},"end":{"line":344,"column":27}},"loc":{"start":{"line":344,"column":55},"end":{"line":376,"column":1}},"line":344},"20":{"name":"(anonymous_20)","decl":{"start":{"line":379,"column":20},"end":{"line":379,"column":21}},"loc":{"start":{"line":379,"column":26},"end":{"line":381,"column":1}},"line":379}},"branchMap":{"0":{"loc":{"start":{"line":51,"column":6},"end":{"line":54,"column":7}},"type":"if","locations":[{"start":{"line":51,"column":6},"end":{"line":54,"column":7}},{"start":{},"end":{}}],"line":51},"1":{"loc":{"start":{"line":62,"column":6},"end":{"line":65,"column":7}},"type":"if","locations":[{"start":{"line":62,"column":6},"end":{"line":65,"column":7}},{"start":{},"end":{}}],"line":62},"2":{"loc":{"start":{"line":68,"column":22},"end":{"line":68,"column":79}},"type":"cond-expr","locations":[{"start":{"line":68,"column":57},"end":{"line":68,"column":74}},{"start":{"line":68,"column":77},"end":{"line":68,"column":79}}],"line":68},"3":{"loc":{"start":{"line":69,"column":6},"end":{"line":72,"column":7}},"type":"if","locations":[{"start":{"line":69,"column":6},"end":{"line":72,"column":7}},{"start":{},"end":{}}],"line":69},"4":{"loc":{"start":{"line":74,"column":6},"end":{"line":80,"column":7}},"type":"if","locations":[{"start":{"line":74,"column":6},"end":{"line":80,"column":7}},{"start":{},"end":{}}],"line":74},"5":{"loc":{"start":{"line":75,"column":52},"end":{"line":75,"column":73}},"type":"binary-expr","locations":[{"start":{"line":75,"column":52},"end":{"line":75,"column":62}},{"start":{"line":75,"column":66},"end":{"line":75,"column":73}}],"line":75},"6":{"loc":{"start":{"line":76,"column":8},"end":{"line":79,"column":9}},"type":"if","locations":[{"start":{"line":76,"column":8},"end":{"line":79,"column":9}},{"start":{},"end":{}}],"line":76},"7":{"loc":{"start":{"line":81,"column":6},"end":{"line":84,"column":7}},"type":"if","locations":[{"start":{"line":81,"column":6},"end":{"line":84,"column":7}},{"start":{},"end":{}}],"line":81},"8":{"loc":{"start":{"line":81,"column":10},"end":{"line":81,"column":61}},"type":"binary-expr","locations":[{"start":{"line":81,"column":10},"end":{"line":81,"column":23}},{"start":{"line":81,"column":27},"end":{"line":81,"column":61}}],"line":81},"9":{"loc":{"start":{"line":87,"column":8},"end":{"line":90,"column":9}},"type":"if","locations":[{"start":{"line":87,"column":8},"end":{"line":90,"column":9}},{"start":{},"end":{}}],"line":87},"10":{"loc":{"start":{"line":87,"column":12},"end":{"line":87,"column":33}},"type":"binary-expr","locations":[{"start":{"line":87,"column":12},"end":{"line":87,"column":18}},{"start":{"line":87,"column":22},"end":{"line":87,"column":33}}],"line":87},"11":{"loc":{"start":{"line":93,"column":6},"end":{"line":95,"column":7}},"type":"if","locations":[{"start":{"line":93,"column":6},"end":{"line":95,"column":7}},{"start":{},"end":{}}],"line":93},"12":{"loc":{"start":{"line":93,"column":10},"end":{"line":93,"column":65}},"type":"binary-expr","locations":[{"start":{"line":93,"column":10},"end":{"line":93,"column":23}},{"start":{"line":93,"column":27},"end":{"line":93,"column":65}}],"line":93},"13":{"loc":{"start":{"line":104,"column":15},"end":{"line":104,"column":34}},"type":"binary-expr","locations":[{"start":{"line":104,"column":15},"end":{"line":104,"column":28}},{"start":{"line":104,"column":32},"end":{"line":104,"column":34}}],"line":104},"14":{"loc":{"start":{"line":105,"column":20},"end":{"line":105,"column":50}},"type":"binary-expr","locations":[{"start":{"line":105,"column":20},"end":{"line":105,"column":38}},{"start":{"line":105,"column":42},"end":{"line":105,"column":50}}],"line":105},"15":{"loc":{"start":{"line":123,"column":6},"end":{"line":126,"column":7}},"type":"if","locations":[{"start":{"line":123,"column":6},"end":{"line":126,"column":7}},{"start":{},"end":{}}],"line":123},"16":{"loc":{"start":{"line":128,"column":6},"end":{"line":131,"column":7}},"type":"if","locations":[{"start":{"line":128,"column":6},"end":{"line":131,"column":7}},{"start":{},"end":{}}],"line":128},"17":{"loc":{"start":{"line":133,"column":6},"end":{"line":136,"column":7}},"type":"if","locations":[{"start":{"line":133,"column":6},"end":{"line":136,"column":7}},{"start":{},"end":{}}],"line":133},"18":{"loc":{"start":{"line":149,"column":6},"end":{"line":152,"column":7}},"type":"if","locations":[{"start":{"line":149,"column":6},"end":{"line":152,"column":7}},{"start":{},"end":{}}],"line":149},"19":{"loc":{"start":{"line":154,"column":6},"end":{"line":157,"column":7}},"type":"if","locations":[{"start":{"line":154,"column":6},"end":{"line":157,"column":7}},{"start":{},"end":{}}],"line":154},"20":{"loc":{"start":{"line":154,"column":10},"end":{"line":154,"column":90}},"type":"binary-expr","locations":[{"start":{"line":154,"column":10},"end":{"line":154,"column":25}},{"start":{"line":154,"column":29},"end":{"line":154,"column":59}},{"start":{"line":154,"column":63},"end":{"line":154,"column":90}}],"line":154},"21":{"loc":{"start":{"line":173,"column":6},"end":{"line":175,"column":7}},"type":"if","locations":[{"start":{"line":173,"column":6},"end":{"line":175,"column":7}},{"start":{},"end":{}}],"line":173},"22":{"loc":{"start":{"line":173,"column":10},"end":{"line":173,"column":100}},"type":"binary-expr","locations":[{"start":{"line":173,"column":10},"end":{"line":173,"column":42}},{"start":{"line":173,"column":46},"end":{"line":173,"column":67}},{"start":{"line":173,"column":71},"end":{"line":173,"column":100}}],"line":173},"23":{"loc":{"start":{"line":178,"column":6},"end":{"line":181,"column":7}},"type":"if","locations":[{"start":{"line":178,"column":6},"end":{"line":181,"column":7}},{"start":{},"end":{}}],"line":178},"24":{"loc":{"start":{"line":184,"column":6},"end":{"line":187,"column":7}},"type":"if","locations":[{"start":{"line":184,"column":6},"end":{"line":187,"column":7}},{"start":{},"end":{}}],"line":184},"25":{"loc":{"start":{"line":188,"column":6},"end":{"line":188,"column":57}},"type":"if","locations":[{"start":{"line":188,"column":6},"end":{"line":188,"column":57}},{"start":{},"end":{}}],"line":188},"26":{"loc":{"start":{"line":197,"column":8},"end":{"line":199,"column":9}},"type":"if","locations":[{"start":{"line":197,"column":8},"end":{"line":199,"column":9}},{"start":{},"end":{}}],"line":197},"27":{"loc":{"start":{"line":197,"column":12},"end":{"line":197,"column":80}},"type":"binary-expr","locations":[{"start":{"line":197,"column":12},"end":{"line":197,"column":26}},{"start":{"line":197,"column":30},"end":{"line":197,"column":80}}],"line":197},"28":{"loc":{"start":{"line":202,"column":6},"end":{"line":337,"column":7}},"type":"if","locations":[{"start":{"line":202,"column":6},"end":{"line":337,"column":7}},{"start":{},"end":{}}],"line":202},"29":{"loc":{"start":{"line":203,"column":29},"end":{"line":205,"column":21}},"type":"cond-expr","locations":[{"start":{"line":204,"column":12},"end":{"line":204,"column":57}},{"start":{"line":205,"column":12},"end":{"line":205,"column":21}}],"line":203},"30":{"loc":{"start":{"line":203,"column":29},"end":{"line":203,"column":111}},"type":"binary-expr","locations":[{"start":{"line":203,"column":29},"end":{"line":203,"column":60}},{"start":{"line":203,"column":64},"end":{"line":203,"column":111}}],"line":203},"31":{"loc":{"start":{"line":208,"column":34},"end":{"line":210,"column":22}},"type":"cond-expr","locations":[{"start":{"line":209,"column":12},"end":{"line":209,"column":57}},{"start":{"line":210,"column":12},"end":{"line":210,"column":22}}],"line":208},"32":{"loc":{"start":{"line":208,"column":34},"end":{"line":208,"column":106}},"type":"binary-expr","locations":[{"start":{"line":208,"column":34},"end":{"line":208,"column":57}},{"start":{"line":208,"column":61},"end":{"line":208,"column":106}}],"line":208},"33":{"loc":{"start":{"line":215,"column":30},"end":{"line":215,"column":56}},"type":"binary-expr","locations":[{"start":{"line":215,"column":30},"end":{"line":215,"column":50}},{"start":{"line":215,"column":54},"end":{"line":215,"column":56}}],"line":215},"34":{"loc":{"start":{"line":218,"column":10},"end":{"line":221,"column":11}},"type":"if","locations":[{"start":{"line":218,"column":10},"end":{"line":221,"column":11}},{"start":{},"end":{}}],"line":218},"35":{"loc":{"start":{"line":218,"column":14},"end":{"line":218,"column":43}},"type":"binary-expr","locations":[{"start":{"line":218,"column":14},"end":{"line":218,"column":20}},{"start":{"line":218,"column":24},"end":{"line":218,"column":43}}],"line":218},"36":{"loc":{"start":{"line":224,"column":10},"end":{"line":238,"column":11}},"type":"if","locations":[{"start":{"line":224,"column":10},"end":{"line":238,"column":11}},{"start":{},"end":{}}],"line":224},"37":{"loc":{"start":{"line":225,"column":12},"end":{"line":237,"column":13}},"type":"if","locations":[{"start":{"line":225,"column":12},"end":{"line":237,"column":13}},{"start":{"line":231,"column":19},"end":{"line":237,"column":13}}],"line":225},"38":{"loc":{"start":{"line":226,"column":14},"end":{"line":228,"column":49}},"type":"binary-expr","locations":[{"start":{"line":226,"column":14},"end":{"line":226,"column":55}},{"start":{"line":227,"column":14},"end":{"line":227,"column":49}},{"start":{"line":228,"column":14},"end":{"line":228,"column":49}}],"line":226},"39":{"loc":{"start":{"line":231,"column":19},"end":{"line":237,"column":13}},"type":"if","locations":[{"start":{"line":231,"column":19},"end":{"line":237,"column":13}},{"start":{},"end":{}}],"line":231},"40":{"loc":{"start":{"line":232,"column":14},"end":{"line":234,"column":64}},"type":"binary-expr","locations":[{"start":{"line":232,"column":14},"end":{"line":232,"column":52}},{"start":{"line":233,"column":14},"end":{"line":233,"column":61}},{"start":{"line":234,"column":14},"end":{"line":234,"column":64}}],"line":232},"41":{"loc":{"start":{"line":249,"column":10},"end":{"line":335,"column":11}},"type":"if","locations":[{"start":{"line":249,"column":10},"end":{"line":335,"column":11}},{"start":{"line":252,"column":17},"end":{"line":335,"column":11}}],"line":249},"42":{"loc":{"start":{"line":260,"column":28},"end":{"line":260,"column":51}},"type":"binary-expr","locations":[{"start":{"line":260,"column":28},"end":{"line":260,"column":45}},{"start":{"line":260,"column":49},"end":{"line":260,"column":51}}],"line":260},"43":{"loc":{"start":{"line":261,"column":35},"end":{"line":261,"column":102}},"type":"cond-expr","locations":[{"start":{"line":261,"column":72},"end":{"line":261,"column":98}},{"start":{"line":261,"column":101},"end":{"line":261,"column":102}}],"line":261},"44":{"loc":{"start":{"line":268,"column":14},"end":{"line":268,"column":80}},"type":"if","locations":[{"start":{"line":268,"column":14},"end":{"line":268,"column":80}},{"start":{},"end":{}}],"line":268},"45":{"loc":{"start":{"line":268,"column":18},"end":{"line":268,"column":62}},"type":"binary-expr","locations":[{"start":{"line":268,"column":18},"end":{"line":268,"column":32}},{"start":{"line":268,"column":36},"end":{"line":268,"column":62}}],"line":268},"46":{"loc":{"start":{"line":274,"column":12},"end":{"line":290,"column":13}},"type":"if","locations":[{"start":{"line":274,"column":12},"end":{"line":290,"column":13}},{"start":{"line":277,"column":19},"end":{"line":290,"column":13}}],"line":274},"47":{"loc":{"start":{"line":277,"column":19},"end":{"line":290,"column":13}},"type":"if","locations":[{"start":{"line":277,"column":19},"end":{"line":290,"column":13}},{"start":{},"end":{}}],"line":277},"48":{"loc":{"start":{"line":277,"column":23},"end":{"line":277,"column":69}},"type":"binary-expr","locations":[{"start":{"line":277,"column":23},"end":{"line":277,"column":53}},{"start":{"line":277,"column":57},"end":{"line":277,"column":69}}],"line":277},"49":{"loc":{"start":{"line":284,"column":16},"end":{"line":287,"column":17}},"type":"if","locations":[{"start":{"line":284,"column":16},"end":{"line":287,"column":17}},{"start":{},"end":{}}],"line":284},"50":{"loc":{"start":{"line":293,"column":29},"end":{"line":295,"column":24}},"type":"cond-expr","locations":[{"start":{"line":294,"column":18},"end":{"line":294,"column":23}},{"start":{"line":295,"column":18},"end":{"line":295,"column":24}}],"line":293},"51":{"loc":{"start":{"line":293,"column":29},"end":{"line":293,"column":69}},"type":"binary-expr","locations":[{"start":{"line":293,"column":29},"end":{"line":293,"column":53}},{"start":{"line":293,"column":57},"end":{"line":293,"column":69}}],"line":293},"52":{"loc":{"start":{"line":306,"column":23},"end":{"line":306,"column":44}},"type":"binary-expr","locations":[{"start":{"line":306,"column":23},"end":{"line":306,"column":38}},{"start":{"line":306,"column":42},"end":{"line":306,"column":44}}],"line":306},"53":{"loc":{"start":{"line":307,"column":28},"end":{"line":307,"column":54}},"type":"binary-expr","locations":[{"start":{"line":307,"column":28},"end":{"line":307,"column":48}},{"start":{"line":307,"column":52},"end":{"line":307,"column":54}}],"line":307},"54":{"loc":{"start":{"line":317,"column":16},"end":{"line":327,"column":17}},"type":"if","locations":[{"start":{"line":317,"column":16},"end":{"line":327,"column":17}},{"start":{"line":324,"column":23},"end":{"line":327,"column":17}}],"line":317},"55":{"loc":{"start":{"line":319,"column":18},"end":{"line":319,"column":84}},"type":"if","locations":[{"start":{"line":319,"column":18},"end":{"line":319,"column":84}},{"start":{},"end":{}}],"line":319},"56":{"loc":{"start":{"line":320,"column":18},"end":{"line":320,"column":66}},"type":"if","locations":[{"start":{"line":320,"column":18},"end":{"line":320,"column":66}},{"start":{},"end":{}}],"line":320},"57":{"loc":{"start":{"line":325,"column":26},"end":{"line":325,"column":55}},"type":"binary-expr","locations":[{"start":{"line":325,"column":26},"end":{"line":325,"column":46}},{"start":{"line":325,"column":50},"end":{"line":325,"column":55}}],"line":325},"58":{"loc":{"start":{"line":328,"column":37},"end":{"line":328,"column":59}},"type":"binary-expr","locations":[{"start":{"line":328,"column":37},"end":{"line":328,"column":54}},{"start":{"line":328,"column":58},"end":{"line":328,"column":59}}],"line":328},"59":{"loc":{"start":{"line":329,"column":30},"end":{"line":329,"column":45}},"type":"binary-expr","locations":[{"start":{"line":329,"column":30},"end":{"line":329,"column":40}},{"start":{"line":329,"column":44},"end":{"line":329,"column":45}}],"line":329},"60":{"loc":{"start":{"line":329,"column":50},"end":{"line":329,"column":74}},"type":"cond-expr","locations":[{"start":{"line":329,"column":69},"end":{"line":329,"column":70}},{"start":{"line":329,"column":73},"end":{"line":329,"column":74}}],"line":329},"61":{"loc":{"start":{"line":330,"column":40},"end":{"line":330,"column":65}},"type":"binary-expr","locations":[{"start":{"line":330,"column":40},"end":{"line":330,"column":60}},{"start":{"line":330,"column":64},"end":{"line":330,"column":65}}],"line":330},"62":{"loc":{"start":{"line":330,"column":70},"end":{"line":330,"column":87}},"type":"binary-expr","locations":[{"start":{"line":330,"column":70},"end":{"line":330,"column":82}},{"start":{"line":330,"column":86},"end":{"line":330,"column":87}}],"line":330},"63":{"loc":{"start":{"line":347,"column":2},"end":{"line":347,"column":30}},"type":"if","locations":[{"start":{"line":347,"column":2},"end":{"line":347,"column":30}},{"start":{},"end":{}}],"line":347},"64":{"loc":{"start":{"line":349,"column":2},"end":{"line":353,"column":3}},"type":"if","locations":[{"start":{"line":349,"column":2},"end":{"line":353,"column":3}},{"start":{},"end":{}}],"line":349},"65":{"loc":{"start":{"line":357,"column":29},"end":{"line":357,"column":58}},"type":"binary-expr","locations":[{"start":{"line":357,"column":29},"end":{"line":357,"column":52}},{"start":{"line":357,"column":56},"end":{"line":357,"column":58}}],"line":357},"66":{"loc":{"start":{"line":363,"column":2},"end":{"line":375,"column":3}},"type":"if","locations":[{"start":{"line":363,"column":2},"end":{"line":375,"column":3}},{"start":{"line":373,"column":9},"end":{"line":375,"column":3}}],"line":363},"67":{"loc":{"start":{"line":364,"column":4},"end":{"line":370,"column":5}},"type":"if","locations":[{"start":{"line":364,"column":4},"end":{"line":370,"column":5}},{"start":{"line":367,"column":11},"end":{"line":370,"column":5}}],"line":364},"68":{"loc":{"start":{"line":364,"column":8},"end":{"line":364,"column":43}},"type":"binary-expr","locations":[{"start":{"line":364,"column":8},"end":{"line":364,"column":26}},{"start":{"line":364,"column":30},"end":{"line":364,"column":43}}],"line":364},"69":{"loc":{"start":{"line":367,"column":11},"end":{"line":370,"column":5}},"type":"if","locations":[{"start":{"line":367,"column":11},"end":{"line":370,"column":5}},{"start":{},"end":{}}],"line":367},"70":{"loc":{"start":{"line":367,"column":15},"end":{"line":367,"column":51}},"type":"binary-expr","locations":[{"start":{"line":367,"column":15},"end":{"line":367,"column":33}},{"start":{"line":367,"column":37},"end":{"line":367,"column":51}}],"line":367},"71":{"loc":{"start":{"line":378,"column":13},"end":{"line":378,"column":37}},"type":"binary-expr","locations":[{"start":{"line":378,"column":13},"end":{"line":378,"column":29}},{"start":{"line":378,"column":33},"end":{"line":378,"column":37}}],"line":378}},"s":{"0":1,"1":1,"2":1,"3":1,"4":1,"5":1,"6":1,"7":1,"8":1,"9":1,"10":1,"11":1,"12":1,"13":1,"14":1,"15":1,"16":1,"17":1,"18":1,"19":1,"20":1,"21":1,"22":1,"23":0,"24":0,"25":0,"26":0,"27":0,"28":0,"29":0,"30":0,"31":0,"32":0,"33":0,"34":0,"35":0,"36":0,"37":0,"38":0,"39":0,"40":0,"41":0,"42":0,"43":0,"44":0,"45":0,"46":0,"47":0,"48":0,"49":0,"50":0,"51":0,"52":0,"53":0,"54":0,"55":0,"56":0,"57":0,"58":0,"59":0,"60":0,"61":0,"62":0,"63":0,"64":0,"65":0,"66":0,"67":0,"68":0,"69":0,"70":0,"71":0,"72":0,"73":0,"74":0,"75":0,"76":0,"77":0,"78":0,"79":0,"80":0,"81":0,"82":0,"83":0,"84":0,"85":0,"86":0,"87":0,"88":0,"89":0,"90":0,"91":0,"92":0,"93":0,"94":0,"95":0,"96":0,"97":0,"98":0,"99":0,"100":0,"101":0,"102":0,"103":0,"104":0,"105":0,"106":0,"107":0,"108":0,"109":0,"110":0,"111":0,"112":0,"113":0,"114":0,"115":0,"116":0,"117":0,"118":0,"119":0,"120":0,"121":0,"122":0,"123":0,"124":0,"125":0,"126":0,"127":0,"128":0,"129":0,"130":0,"131":0,"132":0,"133":0,"134":0,"135":0,"136":0,"137":0,"138":0,"139":0,"140":0,"141":0,"142":0,"143":0,"144":0,"145":0,"146":0,"147":0,"148":0,"149":0,"150":0,"151":0,"152":0,"153":0,"154":0,"155":0,"156":0,"157":0,"158":0,"159":0,"160":0,"161":0,"162":0,"163":0,"164":0,"165":0,"166":0,"167":0,"168":0,"169":0,"170":0,"171":0,"172":0,"173":0,"174":0,"175":0,"176":0,"177":0,"178":0,"179":0,"180":0,"181":0,"182":0,"183":0,"184":0,"185":0,"186":0,"187":0,"188":0,"189":0,"190":0,"191":0,"192":0,"193":0,"194":0,"195":0,"196":0,"197":0,"198":0,"199":0,"200":0,"201":0,"202":0,"203":0,"204":0,"205":0,"206":0,"207":0,"208":0,"209":0,"210":0,"211":0,"212":0,"213":0,"214":0,"215":0,"216":0,"217":0,"218":0,"219":0,"220":0,"221":0,"222":0,"223":1,"224":1,"225":1},"f":{"0":0,"1":0,"2":0,"3":0,"4":0,"5":0,"6":0,"7":0,"8":0,"9":0,"10":0,"11":0,"12":0,"13":0,"14":0,"15":0,"16":0,"17":0,"18":0,"19":0,"20":1},"b":{"0":[0,0],"1":[0,0],"2":[0,0],"3":[0,0],"4":[0,0],"5":[0,0],"6":[0,0],"7":[0,0],"8":[0,0],"9":[0,0],"10":[0,0],"11":[0,0],"12":[0,0],"13":[0,0],"14":[0,0],"15":[0,0],"16":[0,0],"17":[0,0],"18":[0,0],"19":[0,0],"20":[0,0,0],"21":[0,0],"22":[0,0,0],"23":[0,0],"24":[0,0],"25":[0,0],"26":[0,0],"27":[0,0],"28":[0,0],"29":[0,0],"30":[0,0],"31":[0,0],"32":[0,0],"33":[0,0],"34":[0,0],"35":[0,0],"36":[0,0],"37":[0,0],"38":[0,0,0],"39":[0,0],"40":[0,0,0],"41":[0,0],"42":[0,0],"43":[0,0],"44":[0,0],"45":[0,0],"46":[0,0],"47":[0,0],"48":[0,0],"49":[0,0],"50":[0,0],"51":[0,0],"52":[0,0],"53":[0,0],"54":[0,0],"55":[0,0],"56":[0,0],"57":[0,0],"58":[0,0],"59":[0,0],"60":[0,0],"61":[0,0],"62":[0,0],"63":[0,0],"64":[0,0],"65":[0,0],"66":[0,0],"67":[0,0],"68":[0,0],"69":[0,0],"70":[0,0],"71":[1,0]},"_coverageSchema":"1a1c01bbd47fc00a2c39e90264f33305004495a9","hash":"8434b898c5779ad26803b57094d832e645895513"}
,"/home/ervin/Desktop/PROYECTO-2/backend-v1/controllers/aiController.js": {"path":"/home/ervin/Desktop/PROYECTO-2/backend-v1/controllers/aiController.js","statementMap":{"0":{"start":{"line":1,"column":28},"end":{"line":1,"column":70}},"1":{"start":{"line":5,"column":4},"end":{"line":5,"column":49}},"2":{"start":{"line":10,"column":4},"end":{"line":37,"column":5}},"3":{"start":{"line":11,"column":73},"end":{"line":11,"column":81}},"4":{"start":{"line":13,"column":6},"end":{"line":15,"column":7}},"5":{"start":{"line":14,"column":8},"end":{"line":14,"column":71}},"6":{"start":{"line":16,"column":6},"end":{"line":18,"column":7}},"7":{"start":{"line":17,"column":8},"end":{"line":17,"column":133}},"8":{"start":{"line":19,"column":6},"end":{"line":21,"column":7}},"9":{"start":{"line":20,"column":8},"end":{"line":20,"column":98}},"10":{"start":{"line":23,"column":21},"end":{"line":23,"column":87}},"11":{"start":{"line":24,"column":6},"end":{"line":26,"column":7}},"12":{"start":{"line":25,"column":8},"end":{"line":25,"column":141}},"13":{"start":{"line":28,"column":6},"end":{"line":34,"column":9}},"14":{"start":{"line":36,"column":6},"end":{"line":36,"column":68}},"15":{"start":{"line":42,"column":4},"end":{"line":51,"column":5}},"16":{"start":{"line":43,"column":21},"end":{"line":43,"column":58}},"17":{"start":{"line":44,"column":6},"end":{"line":47,"column":9}},"18":{"start":{"line":50,"column":6},"end":{"line":50,"column":68}},"19":{"start":{"line":56,"column":4},"end":{"line":64,"column":5}},"20":{"start":{"line":57,"column":21},"end":{"line":57,"column":59}},"21":{"start":{"line":58,"column":6},"end":{"line":61,"column":9}},"22":{"start":{"line":63,"column":6},"end":{"line":63,"column":68}},"23":{"start":{"line":69,"column":4},"end":{"line":89,"column":5}},"24":{"start":{"line":70,"column":67},"end":{"line":70,"column":75}},"25":{"start":{"line":72,"column":6},"end":{"line":74,"column":7}},"26":{"start":{"line":73,"column":8},"end":{"line":73,"column":80}},"27":{"start":{"line":76,"column":24},"end":{"line":76,"column":94}},"28":{"start":{"line":79,"column":6},"end":{"line":86,"column":9}},"29":{"start":{"line":88,"column":6},"end":{"line":88,"column":68}},"30":{"start":{"line":93,"column":0},"end":{"line":93,"column":30}}},"fnMap":{"0":{"name":"(anonymous_0)","decl":{"start":{"line":4,"column":2},"end":{"line":4,"column":3}},"loc":{"start":{"line":4,"column":16},"end":{"line":6,"column":3}},"line":4},"1":{"name":"(anonymous_1)","decl":{"start":{"line":9,"column":2},"end":{"line":9,"column":3}},"loc":{"start":{"line":9,"column":36},"end":{"line":38,"column":3}},"line":9},"2":{"name":"(anonymous_2)","decl":{"start":{"line":41,"column":2},"end":{"line":41,"column":3}},"loc":{"start":{"line":41,"column":22},"end":{"line":52,"column":3}},"line":41},"3":{"name":"(anonymous_3)","decl":{"start":{"line":55,"column":2},"end":{"line":55,"column":3}},"loc":{"start":{"line":55,"column":32},"end":{"line":65,"column":3}},"line":55},"4":{"name":"(anonymous_4)","decl":{"start":{"line":68,"column":2},"end":{"line":68,"column":3}},"loc":{"start":{"line":68,"column":40},"end":{"line":90,"column":3}},"line":68}},"branchMap":{"0":{"loc":{"start":{"line":11,"column":21},"end":{"line":11,"column":42}},"type":"default-arg","locations":[{"start":{"line":11,"column":34},"end":{"line":11,"column":42}}],"line":11},"1":{"loc":{"start":{"line":11,"column":44},"end":{"line":11,"column":53}},"type":"default-arg","locations":[{"start":{"line":11,"column":52},"end":{"line":11,"column":53}}],"line":11},"2":{"loc":{"start":{"line":11,"column":55},"end":{"line":11,"column":68}},"type":"default-arg","locations":[{"start":{"line":11,"column":63},"end":{"line":11,"column":68}}],"line":11},"3":{"loc":{"start":{"line":13,"column":6},"end":{"line":15,"column":7}},"type":"if","locations":[{"start":{"line":13,"column":6},"end":{"line":15,"column":7}},{"start":{},"end":{}}],"line":13},"4":{"loc":{"start":{"line":16,"column":6},"end":{"line":18,"column":7}},"type":"if","locations":[{"start":{"line":16,"column":6},"end":{"line":18,"column":7}},{"start":{},"end":{}}],"line":16},"5":{"loc":{"start":{"line":19,"column":6},"end":{"line":21,"column":7}},"type":"if","locations":[{"start":{"line":19,"column":6},"end":{"line":21,"column":7}},{"start":{},"end":{}}],"line":19},"6":{"loc":{"start":{"line":19,"column":10},"end":{"line":19,"column":58}},"type":"binary-expr","locations":[{"start":{"line":19,"column":10},"end":{"line":19,"column":16}},{"start":{"line":19,"column":20},"end":{"line":19,"column":45}},{"start":{"line":19,"column":49},"end":{"line":19,"column":58}}],"line":19},"7":{"loc":{"start":{"line":24,"column":6},"end":{"line":26,"column":7}},"type":"if","locations":[{"start":{"line":24,"column":6},"end":{"line":26,"column":7}},{"start":{},"end":{}}],"line":24},"8":{"loc":{"start":{"line":24,"column":10},"end":{"line":24,"column":98}},"type":"binary-expr","locations":[{"start":{"line":24,"column":10},"end":{"line":24,"column":27}},{"start":{"line":24,"column":31},"end":{"line":24,"column":63}},{"start":{"line":24,"column":67},"end":{"line":24,"column":98}}],"line":24},"9":{"loc":{"start":{"line":70,"column":29},"end":{"line":70,"column":50}},"type":"default-arg","locations":[{"start":{"line":70,"column":42},"end":{"line":70,"column":50}}],"line":70},"10":{"loc":{"start":{"line":70,"column":52},"end":{"line":70,"column":62}},"type":"default-arg","locations":[{"start":{"line":70,"column":60},"end":{"line":70,"column":62}}],"line":70},"11":{"loc":{"start":{"line":72,"column":6},"end":{"line":74,"column":7}},"type":"if","locations":[{"start":{"line":72,"column":6},"end":{"line":74,"column":7}},{"start":{},"end":{}}],"line":72},"12":{"loc":{"start":{"line":72,"column":10},"end":{"line":72,"column":27}},"type":"binary-expr","locations":[{"start":{"line":72,"column":10},"end":{"line":72,"column":17}},{"start":{"line":72,"column":21},"end":{"line":72,"column":27}}],"line":72}},"s":{"0":3,"1":12,"2":12,"3":12,"4":12,"5":2,"6":10,"7":2,"8":8,"9":2,"10":6,"11":4,"12":2,"13":2,"14":2,"15":4,"16":4,"17":2,"18":2,"19":4,"20":4,"21":2,"22":2,"23":0,"24":0,"25":0,"26":0,"27":0,"28":0,"29":0,"30":3},"f":{"0":12,"1":12,"2":4,"3":4,"4":0},"b":{"0":[12],"1":[4],"2":[0],"3":[2,10],"4":[2,8],"5":[2,6],"6":[8,6,6],"7":[2,2],"8":[4,4,4],"9":[0],"10":[0],"11":[0,0],"12":[0,0]},"_coverageSchema":"1a1c01bbd47fc00a2c39e90264f33305004495a9","hash":"3df41abac747a1f322f5db11c9aeaae7b6dbdad4"}
,"/home/ervin/Desktop/PROYECTO-2/backend-v1/controllers/gamesController.js": {"path":"/home/ervin/Desktop/PROYECTO-2/backend-v1/controllers/gamesController.js","statementMap":{"0":{"start":{"line":1,"column":15},"end":{"line":1,"column":37}},"1":{"start":{"line":4,"column":0},"end":{"line":15,"column":2}},"2":{"start":{"line":5,"column":2},"end":{"line":14,"column":3}},"3":{"start":{"line":6,"column":21},"end":{"line":9,"column":12}},"4":{"start":{"line":10,"column":18},"end":{"line":10,"column":75}},"5":{"start":{"line":10,"column":44},"end":{"line":10,"column":73}},"6":{"start":{"line":11,"column":4},"end":{"line":11,"column":20}},"7":{"start":{"line":13,"column":4},"end":{"line":13,"column":51}},"8":{"start":{"line":18,"column":0},"end":{"line":43,"column":2}},"9":{"start":{"line":19,"column":21},"end":{"line":19,"column":31}},"10":{"start":{"line":21,"column":17},"end":{"line":21,"column":58}},"11":{"start":{"line":23,"column":2},"end":{"line":42,"column":3}},"12":{"start":{"line":24,"column":20},"end":{"line":24,"column":54}},"13":{"start":{"line":25,"column":20},"end":{"line":25,"column":39}},"14":{"start":{"line":27,"column":4},"end":{"line":29,"column":5}},"15":{"start":{"line":28,"column":6},"end":{"line":28,"column":63}},"16":{"start":{"line":31,"column":21},"end":{"line":31,"column":35}},"17":{"start":{"line":33,"column":22},"end":{"line":33,"column":59}},"18":{"start":{"line":34,"column":4},"end":{"line":36,"column":5}},"19":{"start":{"line":35,"column":6},"end":{"line":35,"column":91}},"20":{"start":{"line":38,"column":4},"end":{"line":38,"column":27}},"21":{"start":{"line":39,"column":4},"end":{"line":39,"column":55}},"22":{"start":{"line":41,"column":4},"end":{"line":41,"column":51}}},"fnMap":{"0":{"name":"(anonymous_0)","decl":{"start":{"line":4,"column":26},"end":{"line":4,"column":27}},"loc":{"start":{"line":4,"column":46},"end":{"line":15,"column":1}},"line":4},"1":{"name":"(anonymous_1)","decl":{"start":{"line":10,"column":36},"end":{"line":10,"column":37}},"loc":{"start":{"line":10,"column":44},"end":{"line":10,"column":73}},"line":10},"2":{"name":"(anonymous_2)","decl":{"start":{"line":18,"column":27},"end":{"line":18,"column":28}},"loc":{"start":{"line":18,"column":47},"end":{"line":43,"column":1}},"line":18}},"branchMap":{"0":{"loc":{"start":{"line":21,"column":17},"end":{"line":21,"column":58}},"type":"binary-expr","locations":[{"start":{"line":21,"column":17},"end":{"line":21,"column":25}},{"start":{"line":21,"column":30},"end":{"line":21,"column":42}},{"start":{"line":21,"column":46},"end":{"line":21,"column":57}}],"line":21},"1":{"loc":{"start":{"line":27,"column":4},"end":{"line":29,"column":5}},"type":"if","locations":[{"start":{"line":27,"column":4},"end":{"line":29,"column":5}},{"start":{},"end":{}}],"line":27},"2":{"loc":{"start":{"line":33,"column":22},"end":{"line":33,"column":59}},"type":"binary-expr","locations":[{"start":{"line":33,"column":22},"end":{"line":33,"column":40}},{"start":{"line":33,"column":44},"end":{"line":33,"column":59}}],"line":33},"3":{"loc":{"start":{"line":34,"column":4},"end":{"line":36,"column":5}},"type":"if","locations":[{"start":{"line":34,"column":4},"end":{"line":36,"column":5}},{"start":{},"end":{}}],"line":34},"4":{"loc":{"start":{"line":34,"column":8},"end":{"line":34,"column":42}},"type":"binary-expr","locations":[{"start":{"line":34,"column":8},"end":{"line":34,"column":18}},{"start":{"line":34,"column":22},"end":{"line":34,"column":42}}],"line":34}},"s":{"0":3,"1":3,"2":4,"3":4,"4":2,"5":2,"6":2,"7":2,"8":3,"9":0,"10":0,"11":0,"12":0,"13":0,"14":0,"15":0,"16":0,"17":0,"18":0,"19":0,"20":0,"21":0,"22":0},"f":{"0":4,"1":2,"2":0},"b":{"0":[0,0,0],"1":[0,0],"2":[0,0],"3":[0,0],"4":[0,0]},"_coverageSchema":"1a1c01bbd47fc00a2c39e90264f33305004495a9","hash":"cbea06445a79a8e0e30fe2af44ea929185790fae"}
,"/home/ervin/Desktop/PROYECTO-2/backend-v1/controllers/questionsController.js": {"path":"/home/ervin/Desktop/PROYECTO-2/backend-v1/controllers/questionsController.js","statementMap":{"0":{"start":{"line":2,"column":0},"end":{"line":18,"column":2}},"1":{"start":{"line":3,"column":2},"end":{"line":17,"column":3}},"2":{"start":{"line":4,"column":26},"end":{"line":4,"column":34}},"3":{"start":{"line":5,"column":4},"end":{"line":7,"column":5}},"4":{"start":{"line":6,"column":6},"end":{"line":6,"column":86}},"5":{"start":{"line":8,"column":18},"end":{"line":8,"column":28}},"6":{"start":{"line":9,"column":4},"end":{"line":12,"column":7}},"7":{"start":{"line":10,"column":21},"end":{"line":10,"column":53}},"8":{"start":{"line":11,"column":6},"end":{"line":11,"column":27}},"9":{"start":{"line":13,"column":4},"end":{"line":13,"column":25}},"10":{"start":{"line":14,"column":4},"end":{"line":14,"column":32}},"11":{"start":{"line":16,"column":4},"end":{"line":16,"column":67}},"12":{"start":{"line":19,"column":15},"end":{"line":19,"column":37}},"13":{"start":{"line":22,"column":0},"end":{"line":30,"column":2}},"14":{"start":{"line":23,"column":2},"end":{"line":29,"column":3}},"15":{"start":{"line":24,"column":21},"end":{"line":24,"column":59}},"16":{"start":{"line":25,"column":22},"end":{"line":25,"column":79}},"17":{"start":{"line":25,"column":48},"end":{"line":25,"column":77}},"18":{"start":{"line":26,"column":4},"end":{"line":26,"column":24}},"19":{"start":{"line":28,"column":4},"end":{"line":28,"column":51}},"20":{"start":{"line":33,"column":0},"end":{"line":41,"column":2}},"21":{"start":{"line":34,"column":2},"end":{"line":40,"column":3}},"22":{"start":{"line":35,"column":73},"end":{"line":35,"column":81}},"23":{"start":{"line":36,"column":19},"end":{"line":36,"column":117}},"24":{"start":{"line":37,"column":4},"end":{"line":37,"column":44}},"25":{"start":{"line":39,"column":4},"end":{"line":39,"column":51}},"26":{"start":{"line":44,"column":0},"end":{"line":52,"column":2}},"27":{"start":{"line":45,"column":2},"end":{"line":51,"column":3}},"28":{"start":{"line":46,"column":19},"end":{"line":46,"column":29}},"29":{"start":{"line":47,"column":4},"end":{"line":47,"column":62}},"30":{"start":{"line":48,"column":4},"end":{"line":48,"column":46}},"31":{"start":{"line":50,"column":4},"end":{"line":50,"column":51}},"32":{"start":{"line":55,"column":0},"end":{"line":63,"column":2}},"33":{"start":{"line":56,"column":2},"end":{"line":62,"column":3}},"34":{"start":{"line":57,"column":19},"end":{"line":57,"column":29}},"35":{"start":{"line":58,"column":4},"end":{"line":58,"column":54}},"36":{"start":{"line":59,"column":4},"end":{"line":59,"column":46}},"37":{"start":{"line":61,"column":4},"end":{"line":61,"column":51}}},"fnMap":{"0":{"name":"(anonymous_0)","decl":{"start":{"line":2,"column":21},"end":{"line":2,"column":22}},"loc":{"start":{"line":2,"column":41},"end":{"line":18,"column":1}},"line":2},"1":{"name":"(anonymous_1)","decl":{"start":{"line":9,"column":22},"end":{"line":9,"column":23}},"loc":{"start":{"line":9,"column":27},"end":{"line":12,"column":5}},"line":9},"2":{"name":"(anonymous_2)","decl":{"start":{"line":22,"column":17},"end":{"line":22,"column":18}},"loc":{"start":{"line":22,"column":37},"end":{"line":30,"column":1}},"line":22},"3":{"name":"(anonymous_3)","decl":{"start":{"line":25,"column":40},"end":{"line":25,"column":41}},"loc":{"start":{"line":25,"column":48},"end":{"line":25,"column":77}},"line":25},"4":{"name":"(anonymous_4)","decl":{"start":{"line":33,"column":17},"end":{"line":33,"column":18}},"loc":{"start":{"line":33,"column":37},"end":{"line":41,"column":1}},"line":33},"5":{"name":"(anonymous_5)","decl":{"start":{"line":44,"column":17},"end":{"line":44,"column":18}},"loc":{"start":{"line":44,"column":37},"end":{"line":52,"column":1}},"line":44},"6":{"name":"(anonymous_6)","decl":{"start":{"line":55,"column":17},"end":{"line":55,"column":18}},"loc":{"start":{"line":55,"column":37},"end":{"line":63,"column":1}},"line":55}},"branchMap":{"0":{"loc":{"start":{"line":5,"column":4},"end":{"line":7,"column":5}},"type":"if","locations":[{"start":{"line":5,"column":4},"end":{"line":7,"column":5}},{"start":{},"end":{}}],"line":5},"1":{"loc":{"start":{"line":5,"column":8},"end":{"line":5,"column":59}},"type":"binary-expr","locations":[{"start":{"line":5,"column":8},"end":{"line":5,"column":33}},{"start":{"line":5,"column":37},"end":{"line":5,"column":59}}],"line":5}},"s":{"0":3,"1":5,"2":5,"3":5,"4":1,"5":4,"6":2,"7":2,"8":2,"9":2,"10":2,"11":2,"12":3,"13":3,"14":4,"15":4,"16":2,"17":2,"18":2,"19":2,"20":3,"21":4,"22":4,"23":4,"24":2,"25":2,"26":3,"27":4,"28":4,"29":4,"30":2,"31":2,"32":3,"33":4,"34":4,"35":4,"36":2,"37":2},"f":{"0":5,"1":2,"2":4,"3":2,"4":4,"5":4,"6":4},"b":{"0":[1,4],"1":[5,5]},"_coverageSchema":"1a1c01bbd47fc00a2c39e90264f33305004495a9","hash":"d2aaf43cbac15b898c81876f73066c5abcbe988f"}
,"/home/ervin/Desktop/PROYECTO-2/backend-v1/controllers/usersController.js": {"path":"/home/ervin/Desktop/PROYECTO-2/backend-v1/controllers/usersController.js","statementMap":{"0":{"start":{"line":2,"column":0},"end":{"line":5,"column":2}},"1":{"start":{"line":4,"column":2},"end":{"line":4,"column":15}},"2":{"start":{"line":6,"column":21},"end":{"line":6,"column":43}},"3":{"start":{"line":9,"column":0},"end":{"line":45,"column":2}},"4":{"start":{"line":10,"column":61},"end":{"line":10,"column":69}},"5":{"start":{"line":13,"column":2},"end":{"line":15,"column":3}},"6":{"start":{"line":14,"column":4},"end":{"line":14,"column":87}},"7":{"start":{"line":17,"column":2},"end":{"line":44,"column":3}},"8":{"start":{"line":19,"column":23},"end":{"line":23,"column":6}},"9":{"start":{"line":26,"column":21},"end":{"line":31,"column":5}},"10":{"start":{"line":34,"column":4},"end":{"line":34,"column":67}},"11":{"start":{"line":36,"column":4},"end":{"line":41,"column":7}},"12":{"start":{"line":43,"column":4},"end":{"line":43,"column":51}},"13":{"start":{"line":48,"column":0},"end":{"line":51,"column":2}},"14":{"start":{"line":50,"column":2},"end":{"line":50,"column":62}},"15":{"start":{"line":54,"column":0},"end":{"line":62,"column":2}},"16":{"start":{"line":55,"column":20},"end":{"line":55,"column":28}},"17":{"start":{"line":56,"column":2},"end":{"line":61,"column":3}},"18":{"start":{"line":57,"column":4},"end":{"line":57,"column":48}},"19":{"start":{"line":58,"column":4},"end":{"line":58,"column":56}},"20":{"start":{"line":60,"column":4},"end":{"line":60,"column":51}},"21":{"start":{"line":65,"column":0},"end":{"line":117,"column":2}},"22":{"start":{"line":66,"column":14},"end":{"line":66,"column":27}},"23":{"start":{"line":67,"column":2},"end":{"line":69,"column":3}},"24":{"start":{"line":68,"column":4},"end":{"line":68,"column":70}},"25":{"start":{"line":71,"column":44},"end":{"line":71,"column":52}},"26":{"start":{"line":74,"column":2},"end":{"line":76,"column":3}},"27":{"start":{"line":75,"column":4},"end":{"line":75,"column":87}},"28":{"start":{"line":78,"column":2},"end":{"line":116,"column":3}},"29":{"start":{"line":79,"column":20},"end":{"line":79,"column":51}},"30":{"start":{"line":80,"column":20},"end":{"line":80,"column":39}},"31":{"start":{"line":82,"column":4},"end":{"line":84,"column":5}},"32":{"start":{"line":83,"column":6},"end":{"line":83,"column":63}},"33":{"start":{"line":86,"column":24},"end":{"line":86,"column":38}},"34":{"start":{"line":87,"column":23},"end":{"line":87,"column":25}},"35":{"start":{"line":90,"column":4},"end":{"line":92,"column":5}},"36":{"start":{"line":91,"column":6},"end":{"line":91,"column":43}},"37":{"start":{"line":93,"column":4},"end":{"line":95,"column":5}},"38":{"start":{"line":94,"column":6},"end":{"line":94,"column":53}},"39":{"start":{"line":97,"column":4},"end":{"line":99,"column":5}},"40":{"start":{"line":98,"column":6},"end":{"line":98,"column":74}},"41":{"start":{"line":101,"column":4},"end":{"line":101,"column":37}},"42":{"start":{"line":104,"column":23},"end":{"line":104,"column":42}},"43":{"start":{"line":105,"column":24},"end":{"line":105,"column":41}},"44":{"start":{"line":107,"column":4},"end":{"line":113,"column":7}},"45":{"start":{"line":115,"column":4},"end":{"line":115,"column":51}},"46":{"start":{"line":120,"column":0},"end":{"line":155,"column":2}},"47":{"start":{"line":123,"column":14},"end":{"line":123,"column":44}},"48":{"start":{"line":124,"column":2},"end":{"line":127,"column":3}},"49":{"start":{"line":126,"column":4},"end":{"line":126,"column":58}},"50":{"start":{"line":128,"column":2},"end":{"line":154,"column":3}},"51":{"start":{"line":129,"column":20},"end":{"line":129,"column":51}},"52":{"start":{"line":130,"column":18},"end":{"line":130,"column":37}},"53":{"start":{"line":131,"column":4},"end":{"line":143,"column":5}},"54":{"start":{"line":132,"column":26},"end":{"line":132,"column":71}},"55":{"start":{"line":133,"column":20},"end":{"line":133,"column":41}},"56":{"start":{"line":134,"column":22},"end":{"line":139,"column":7}},"57":{"start":{"line":140,"column":6},"end":{"line":140,"column":33}},"58":{"start":{"line":141,"column":6},"end":{"line":141,"column":36}},"59":{"start":{"line":144,"column":17},"end":{"line":144,"column":31}},"60":{"start":{"line":145,"column":21},"end":{"line":149,"column":5}},"61":{"start":{"line":150,"column":4},"end":{"line":150,"column":23}},"62":{"start":{"line":153,"column":4},"end":{"line":153,"column":51}}},"fnMap":{"0":{"name":"(anonymous_0)","decl":{"start":{"line":2,"column":21},"end":{"line":2,"column":22}},"loc":{"start":{"line":2,"column":41},"end":{"line":5,"column":1}},"line":2},"1":{"name":"(anonymous_1)","decl":{"start":{"line":9,"column":19},"end":{"line":9,"column":20}},"loc":{"start":{"line":9,"column":39},"end":{"line":45,"column":1}},"line":9},"2":{"name":"(anonymous_2)","decl":{"start":{"line":48,"column":16},"end":{"line":48,"column":17}},"loc":{"start":{"line":48,"column":36},"end":{"line":51,"column":1}},"line":48},"3":{"name":"(anonymous_3)","decl":{"start":{"line":54,"column":26},"end":{"line":54,"column":27}},"loc":{"start":{"line":54,"column":46},"end":{"line":62,"column":1}},"line":54},"4":{"name":"(anonymous_4)","decl":{"start":{"line":65,"column":24},"end":{"line":65,"column":25}},"loc":{"start":{"line":65,"column":44},"end":{"line":117,"column":1}},"line":65},"5":{"name":"(anonymous_5)","decl":{"start":{"line":120,"column":19},"end":{"line":120,"column":20}},"loc":{"start":{"line":120,"column":39},"end":{"line":155,"column":1}},"line":120}},"branchMap":{"0":{"loc":{"start":{"line":13,"column":2},"end":{"line":15,"column":3}},"type":"if","locations":[{"start":{"line":13,"column":2},"end":{"line":15,"column":3}},{"start":{},"end":{}}],"line":13},"1":{"loc":{"start":{"line":13,"column":6},"end":{"line":13,"column":77}},"type":"binary-expr","locations":[{"start":{"line":13,"column":6},"end":{"line":13,"column":36}},{"start":{"line":13,"column":40},"end":{"line":13,"column":77}}],"line":13},"2":{"loc":{"start":{"line":30,"column":24},"end":{"line":30,"column":49}},"type":"binary-expr","locations":[{"start":{"line":30,"column":24},"end":{"line":30,"column":40}},{"start":{"line":30,"column":44},"end":{"line":30,"column":49}}],"line":30},"3":{"loc":{"start":{"line":67,"column":2},"end":{"line":69,"column":3}},"type":"if","locations":[{"start":{"line":67,"column":2},"end":{"line":69,"column":3}},{"start":{},"end":{}}],"line":67},"4":{"loc":{"start":{"line":74,"column":2},"end":{"line":76,"column":3}},"type":"if","locations":[{"start":{"line":74,"column":2},"end":{"line":76,"column":3}},{"start":{},"end":{}}],"line":74},"5":{"loc":{"start":{"line":74,"column":6},"end":{"line":74,"column":77}},"type":"binary-expr","locations":[{"start":{"line":74,"column":6},"end":{"line":74,"column":36}},{"start":{"line":74,"column":40},"end":{"line":74,"column":77}}],"line":74},"6":{"loc":{"start":{"line":82,"column":4},"end":{"line":84,"column":5}},"type":"if","locations":[{"start":{"line":82,"column":4},"end":{"line":84,"column":5}},{"start":{},"end":{}}],"line":82},"7":{"loc":{"start":{"line":90,"column":4},"end":{"line":92,"column":5}},"type":"if","locations":[{"start":{"line":90,"column":4},"end":{"line":92,"column":5}},{"start":{},"end":{}}],"line":90},"8":{"loc":{"start":{"line":93,"column":4},"end":{"line":95,"column":5}},"type":"if","locations":[{"start":{"line":93,"column":4},"end":{"line":95,"column":5}},{"start":{},"end":{}}],"line":93},"9":{"loc":{"start":{"line":97,"column":4},"end":{"line":99,"column":5}},"type":"if","locations":[{"start":{"line":97,"column":4},"end":{"line":99,"column":5}},{"start":{},"end":{}}],"line":97},"10":{"loc":{"start":{"line":111,"column":24},"end":{"line":111,"column":61}},"type":"binary-expr","locations":[{"start":{"line":111,"column":24},"end":{"line":111,"column":52}},{"start":{"line":111,"column":56},"end":{"line":111,"column":61}}],"line":111},"11":{"loc":{"start":{"line":112,"column":13},"end":{"line":112,"column":80}},"type":"binary-expr","locations":[{"start":{"line":112,"column":13},"end":{"line":112,"column":30}},{"start":{"line":112,"column":34},"end":{"line":112,"column":80}}],"line":112},"12":{"loc":{"start":{"line":123,"column":14},"end":{"line":123,"column":44}},"type":"binary-expr","locations":[{"start":{"line":123,"column":14},"end":{"line":123,"column":27}},{"start":{"line":123,"column":31},"end":{"line":123,"column":44}}],"line":123},"13":{"loc":{"start":{"line":124,"column":2},"end":{"line":127,"column":3}},"type":"if","locations":[{"start":{"line":124,"column":2},"end":{"line":127,"column":3}},{"start":{},"end":{}}],"line":124},"14":{"loc":{"start":{"line":131,"column":4},"end":{"line":143,"column":5}},"type":"if","locations":[{"start":{"line":131,"column":4},"end":{"line":143,"column":5}},{"start":{},"end":{}}],"line":131},"15":{"loc":{"start":{"line":132,"column":26},"end":{"line":132,"column":71}},"type":"binary-expr","locations":[{"start":{"line":132,"column":26},"end":{"line":132,"column":40}},{"start":{"line":132,"column":44},"end":{"line":132,"column":65}},{"start":{"line":132,"column":69},"end":{"line":132,"column":71}}],"line":132},"16":{"loc":{"start":{"line":133,"column":20},"end":{"line":133,"column":41}},"type":"binary-expr","locations":[{"start":{"line":133,"column":20},"end":{"line":133,"column":35}},{"start":{"line":133,"column":39},"end":{"line":133,"column":41}}],"line":133},"17":{"loc":{"start":{"line":147,"column":13},"end":{"line":147,"column":73}},"type":"binary-expr","locations":[{"start":{"line":147,"column":13},"end":{"line":147,"column":23}},{"start":{"line":147,"column":27},"end":{"line":147,"column":73}}],"line":147},"18":{"loc":{"start":{"line":148,"column":24},"end":{"line":148,"column":54}},"type":"binary-expr","locations":[{"start":{"line":148,"column":24},"end":{"line":148,"column":45}},{"start":{"line":148,"column":49},"end":{"line":148,"column":54}}],"line":148}},"s":{"0":3,"1":2,"2":3,"3":3,"4":9,"5":9,"6":2,"7":7,"8":7,"9":5,"10":5,"11":5,"12":2,"13":3,"14":2,"15":3,"16":4,"17":4,"18":4,"19":2,"20":2,"21":3,"22":11,"23":11,"24":1,"25":10,"26":10,"27":2,"28":8,"29":8,"30":8,"31":8,"32":2,"33":6,"34":6,"35":6,"36":2,"37":6,"38":2,"39":6,"40":2,"41":4,"42":4,"43":4,"44":4,"45":0,"46":3,"47":5,"48":5,"49":1,"50":4,"51":4,"52":4,"53":2,"54":1,"55":1,"56":1,"57":1,"58":1,"59":2,"60":2,"61":2,"62":2},"f":{"0":2,"1":9,"2":2,"3":4,"4":11,"5":5},"b":{"0":[2,7],"1":[9,5],"2":[5,3],"3":[1,10],"4":[2,8],"5":[10,4],"6":[2,6],"7":[2,4],"8":[2,4],"9":[2,4],"10":[4,2],"11":[4,0],"12":[5,1],"13":[1,4],"14":[1,1],"15":[1,0,0],"16":[1,0],"17":[2,1],"18":[2,2]},"_coverageSchema":"1a1c01bbd47fc00a2c39e90264f33305004495a9","hash":"995a03527a50c64de657f73b3f25b24fe354b9d5"}
,"/home/ervin/Desktop/PROYECTO-2/backend-v1/middleware/authenticate.js": {"path":"/home/ervin/Desktop/PROYECTO-2/backend-v1/middleware/authenticate.js","statementMap":{"0":{"start":{"line":1,"column":17},"end":{"line":1,"column":39}},"1":{"start":{"line":4,"column":0},"end":{"line":17,"column":2}},"2":{"start":{"line":5,"column":21},"end":{"line":5,"column":46}},"3":{"start":{"line":6,"column":2},"end":{"line":8,"column":3}},"4":{"start":{"line":7,"column":4},"end":{"line":7,"column":64}},"5":{"start":{"line":9,"column":16},"end":{"line":9,"column":40}},"6":{"start":{"line":10,"column":2},"end":{"line":16,"column":3}},"7":{"start":{"line":11,"column":20},"end":{"line":11,"column":51}},"8":{"start":{"line":12,"column":4},"end":{"line":12,"column":23}},"9":{"start":{"line":13,"column":4},"end":{"line":13,"column":11}},"10":{"start":{"line":15,"column":4},"end":{"line":15,"column":71}}},"fnMap":{"0":{"name":"authenticate","decl":{"start":{"line":4,"column":32},"end":{"line":4,"column":44}},"loc":{"start":{"line":4,"column":61},"end":{"line":17,"column":1}},"line":4}},"branchMap":{"0":{"loc":{"start":{"line":6,"column":2},"end":{"line":8,"column":3}},"type":"if","locations":[{"start":{"line":6,"column":2},"end":{"line":8,"column":3}},{"start":{},"end":{}}],"line":6},"1":{"loc":{"start":{"line":6,"column":6},"end":{"line":6,"column":54}},"type":"binary-expr","locations":[{"start":{"line":6,"column":6},"end":{"line":6,"column":17}},{"start":{"line":6,"column":21},"end":{"line":6,"column":54}}],"line":6}},"s":{"0":3,"1":3,"2":6,"3":6,"4":2,"5":4,"6":4,"7":4,"8":2,"9":2,"10":2},"f":{"0":6},"b":{"0":[2,4],"1":[6,4]},"_coverageSchema":"1a1c01bbd47fc00a2c39e90264f33305004495a9","hash":"b0dd8bfaf30ff3e27263f0b2437faa340c31c073"}
,"/home/ervin/Desktop/PROYECTO-2/backend-v1/middleware/rateLimiter.js": {"path":"/home/ervin/Desktop/PROYECTO-2/backend-v1/middleware/rateLimiter.js","statementMap":{"0":{"start":{"line":1,"column":18},"end":{"line":1,"column":47}},"1":{"start":{"line":4,"column":24},"end":{"line":13,"column":2}},"2":{"start":{"line":16,"column":32},"end":{"line":25,"column":2}},"3":{"start":{"line":28,"column":29},"end":{"line":36,"column":2}},"4":{"start":{"line":39,"column":27},"end":{"line":47,"column":2}},"5":{"start":{"line":49,"column":0},"end":{"line":54,"column":2}}},"fnMap":{},"branchMap":{},"s":{"0":3,"1":3,"2":3,"3":3,"4":3,"5":3},"f":{},"b":{},"_coverageSchema":"1a1c01bbd47fc00a2c39e90264f33305004495a9","hash":"07cec86948c369c8b7afb7ff58186fa070a37f83"}
,"/home/ervin/Desktop/PROYECTO-2/backend-v1/routes/adminAccessibility.js": {"path":"/home/ervin/Desktop/PROYECTO-2/backend-v1/routes/adminAccessibility.js","statementMap":{"0":{"start":{"line":1,"column":16},"end":{"line":1,"column":34}},"1":{"start":{"line":2,"column":15},"end":{"line":2,"column":31}},"2":{"start":{"line":3,"column":15},"end":{"line":3,"column":37}},"3":{"start":{"line":5,"column":28},"end":{"line":5,"column":43}},"4":{"start":{"line":8,"column":0},"end":{"line":15,"column":3}},"5":{"start":{"line":9,"column":2},"end":{"line":14,"column":3}},"6":{"start":{"line":10,"column":16},"end":{"line":10,"column":83}},"7":{"start":{"line":11,"column":4},"end":{"line":11,"column":68}},"8":{"start":{"line":13,"column":4},"end":{"line":13,"column":49}},"9":{"start":{"line":18,"column":0},"end":{"line":27,"column":3}},"10":{"start":{"line":19,"column":2},"end":{"line":26,"column":3}},"11":{"start":{"line":21,"column":33},"end":{"line":21,"column":41}},"12":{"start":{"line":22,"column":4},"end":{"line":22,"column":109}},"13":{"start":{"line":23,"column":4},"end":{"line":23,"column":73}},"14":{"start":{"line":25,"column":4},"end":{"line":25,"column":49}},"15":{"start":{"line":30,"column":0},"end":{"line":42,"column":3}},"16":{"start":{"line":31,"column":2},"end":{"line":41,"column":3}},"17":{"start":{"line":33,"column":21},"end":{"line":33,"column":67}},"18":{"start":{"line":34,"column":20},"end":{"line":34,"column":29}},"19":{"start":{"line":35,"column":4},"end":{"line":37,"column":7}},"20":{"start":{"line":36,"column":6},"end":{"line":36,"column":37}},"21":{"start":{"line":38,"column":4},"end":{"line":38,"column":48}},"22":{"start":{"line":40,"column":4},"end":{"line":40,"column":49}},"23":{"start":{"line":44,"column":0},"end":{"line":44,"column":24}}},"fnMap":{"0":{"name":"(anonymous_0)","decl":{"start":{"line":8,"column":29},"end":{"line":8,"column":30}},"loc":{"start":{"line":8,"column":49},"end":{"line":15,"column":1}},"line":8},"1":{"name":"(anonymous_1)","decl":{"start":{"line":18,"column":29},"end":{"line":18,"column":30}},"loc":{"start":{"line":18,"column":49},"end":{"line":27,"column":1}},"line":18},"2":{"name":"(anonymous_2)","decl":{"start":{"line":30,"column":35},"end":{"line":30,"column":36}},"loc":{"start":{"line":30,"column":55},"end":{"line":42,"column":1}},"line":30},"3":{"name":"(anonymous_3)","decl":{"start":{"line":35,"column":21},"end":{"line":35,"column":22}},"loc":{"start":{"line":35,"column":28},"end":{"line":37,"column":5}},"line":35}},"branchMap":{"0":{"loc":{"start":{"line":11,"column":13},"end":{"line":11,"column":66}},"type":"cond-expr","locations":[{"start":{"line":11,"column":26},"end":{"line":11,"column":36}},{"start":{"line":11,"column":39},"end":{"line":11,"column":66}}],"line":11}},"s":{"0":1,"1":1,"2":1,"3":1,"4":1,"5":0,"6":0,"7":0,"8":0,"9":1,"10":0,"11":0,"12":0,"13":0,"14":0,"15":1,"16":0,"17":0,"18":0,"19":0,"20":0,"21":0,"22":0,"23":1},"f":{"0":0,"1":0,"2":0,"3":0},"b":{"0":[0,0]},"_coverageSchema":"1a1c01bbd47fc00a2c39e90264f33305004495a9","hash":"63b799f941d33dc295a2684af733bcf5e04c4f0e"}
,"/home/ervin/Desktop/PROYECTO-2/backend-v1/routes/ai.js": {"path":"/home/ervin/Desktop/PROYECTO-2/backend-v1/routes/ai.js","statementMap":{"0":{"start":{"line":1,"column":16},"end":{"line":1,"column":34}},"1":{"start":{"line":2,"column":21},"end":{"line":2,"column":59}},"2":{"start":{"line":4,"column":15},"end":{"line":4,"column":31}},"3":{"start":{"line":5,"column":21},"end":{"line":5,"column":39}},"4":{"start":{"line":8,"column":0},"end":{"line":10,"column":3}},"5":{"start":{"line":9,"column":2},"end":{"line":9,"column":43}},"6":{"start":{"line":13,"column":0},"end":{"line":15,"column":3}},"7":{"start":{"line":14,"column":2},"end":{"line":14,"column":35}},"8":{"start":{"line":18,"column":0},"end":{"line":20,"column":3}},"9":{"start":{"line":19,"column":2},"end":{"line":19,"column":45}},"10":{"start":{"line":23,"column":0},"end":{"line":25,"column":3}},"11":{"start":{"line":24,"column":2},"end":{"line":24,"column":47}},"12":{"start":{"line":27,"column":0},"end":{"line":27,"column":24}}},"fnMap":{"0":{"name":"(anonymous_0)","decl":{"start":{"line":8,"column":35},"end":{"line":8,"column":36}},"loc":{"start":{"line":8,"column":49},"end":{"line":10,"column":1}},"line":8},"1":{"name":"(anonymous_1)","decl":{"start":{"line":13,"column":22},"end":{"line":13,"column":23}},"loc":{"start":{"line":13,"column":36},"end":{"line":15,"column":1}},"line":13},"2":{"name":"(anonymous_2)","decl":{"start":{"line":18,"column":33},"end":{"line":18,"column":34}},"loc":{"start":{"line":18,"column":47},"end":{"line":20,"column":1}},"line":18},"3":{"name":"(anonymous_3)","decl":{"start":{"line":23,"column":40},"end":{"line":23,"column":41}},"loc":{"start":{"line":23,"column":54},"end":{"line":25,"column":1}},"line":23}},"branchMap":{},"s":{"0":1,"1":1,"2":1,"3":1,"4":1,"5":0,"6":1,"7":0,"8":1,"9":0,"10":1,"11":0,"12":1},"f":{"0":0,"1":0,"2":0,"3":0},"b":{},"_coverageSchema":"1a1c01bbd47fc00a2c39e90264f33305004495a9","hash":"d6619cba395ea5f06f4c779db59214e828b9a1bb"}
,"/home/ervin/Desktop/PROYECTO-2/backend-v1/routes/games.js": {"path":"/home/ervin/Desktop/PROYECTO-2/backend-v1/routes/games.js","statementMap":{"0":{"start":{"line":1,"column":16},"end":{"line":1,"column":34}},"1":{"start":{"line":2,"column":15},"end":{"line":2,"column":31}},"2":{"start":{"line":3,"column":24},"end":{"line":3,"column":65}},"3":{"start":{"line":4,"column":21},"end":{"line":4,"column":58}},"4":{"start":{"line":6,"column":0},"end":{"line":6,"column":49}},"5":{"start":{"line":9,"column":0},"end":{"line":9,"column":74}},"6":{"start":{"line":11,"column":0},"end":{"line":11,"column":24}}},"fnMap":{},"branchMap":{},"s":{"0":1,"1":1,"2":1,"3":1,"4":1,"5":1,"6":1},"f":{},"b":{},"_coverageSchema":"1a1c01bbd47fc00a2c39e90264f33305004495a9","hash":"04900f0696be0671b5f4d65d921f3c70ba4b3070"}
,"/home/ervin/Desktop/PROYECTO-2/backend-v1/routes/questions.js": {"path":"/home/ervin/Desktop/PROYECTO-2/backend-v1/routes/questions.js","statementMap":{"0":{"start":{"line":1,"column":16},"end":{"line":1,"column":34}},"1":{"start":{"line":2,"column":15},"end":{"line":2,"column":31}},"2":{"start":{"line":4,"column":28},"end":{"line":4,"column":73}},"3":{"start":{"line":5,"column":21},"end":{"line":5,"column":58}},"4":{"start":{"line":8,"column":0},"end":{"line":8,"column":44}},"5":{"start":{"line":9,"column":0},"end":{"line":9,"column":59}},"6":{"start":{"line":10,"column":0},"end":{"line":10,"column":67}},"7":{"start":{"line":11,"column":0},"end":{"line":11,"column":61}},"8":{"start":{"line":12,"column":0},"end":{"line":12,"column":64}},"9":{"start":{"line":14,"column":0},"end":{"line":14,"column":24}}},"fnMap":{},"branchMap":{},"s":{"0":1,"1":1,"2":1,"3":1,"4":1,"5":1,"6":1,"7":1,"8":1,"9":1},"f":{},"b":{},"_coverageSchema":"1a1c01bbd47fc00a2c39e90264f33305004495a9","hash":"83601387391f82b4b81ad8e1b96b32ba11e99414"}
,"/home/ervin/Desktop/PROYECTO-2/backend-v1/routes/users.js": {"path":"/home/ervin/Desktop/PROYECTO-2/backend-v1/routes/users.js","statementMap":{"0":{"start":{"line":1,"column":16},"end":{"line":1,"column":34}},"1":{"start":{"line":2,"column":15},"end":{"line":2,"column":31}},"2":{"start":{"line":4,"column":24},"end":{"line":4,"column":65}},"3":{"start":{"line":5,"column":21},"end":{"line":5,"column":58}},"4":{"start":{"line":11,"column":4},"end":{"line":11,"column":40}},"5":{"start":{"line":14,"column":0},"end":{"line":14,"column":68}},"6":{"start":{"line":15,"column":0},"end":{"line":15,"column":65}},"7":{"start":{"line":16,"column":0},"end":{"line":16,"column":91}},"8":{"start":{"line":17,"column":0},"end":{"line":17,"column":93}},"9":{"start":{"line":18,"column":0},"end":{"line":18,"column":84}},"10":{"start":{"line":19,"column":0},"end":{"line":19,"column":88}},"11":{"start":{"line":21,"column":0},"end":{"line":21,"column":24}}},"fnMap":{},"branchMap":{},"s":{"0":1,"1":1,"2":1,"3":1,"4":1,"5":1,"6":1,"7":1,"8":1,"9":1,"10":1,"11":1},"f":{},"b":{},"_coverageSchema":"1a1c01bbd47fc00a2c39e90264f33305004495a9","hash":"e89697e80cc154c8ce58f2cde60528a75b71fa27"}
,"/home/ervin/Desktop/PROYECTO-2/backend-v1/routes/voiceInteractions.js": {"path":"/home/ervin/Desktop/PROYECTO-2/backend-v1/routes/voiceInteractions.js","statementMap":{"0":{"start":{"line":1,"column":16},"end":{"line":1,"column":34}},"1":{"start":{"line":2,"column":15},"end":{"line":2,"column":31}},"2":{"start":{"line":3,"column":15},"end":{"line":3,"column":37}},"3":{"start":{"line":5,"column":19},"end":{"line":5,"column":38}},"4":{"start":{"line":8,"column":0},"end":{"line":49,"column":3}},"5":{"start":{"line":9,"column":2},"end":{"line":48,"column":3}},"6":{"start":{"line":10,"column":97},"end":{"line":10,"column":105}},"7":{"start":{"line":12,"column":4},"end":{"line":14,"column":5}},"8":{"start":{"line":13,"column":6},"end":{"line":13,"column":75}},"9":{"start":{"line":15,"column":4},"end":{"line":17,"column":5}},"10":{"start":{"line":16,"column":6},"end":{"line":16,"column":79}},"11":{"start":{"line":18,"column":4},"end":{"line":20,"column":5}},"12":{"start":{"line":19,"column":6},"end":{"line":19,"column":64}},"13":{"start":{"line":21,"column":4},"end":{"line":23,"column":5}},"14":{"start":{"line":22,"column":6},"end":{"line":22,"column":66}},"15":{"start":{"line":24,"column":4},"end":{"line":26,"column":5}},"16":{"start":{"line":25,"column":6},"end":{"line":25,"column":67}},"17":{"start":{"line":27,"column":4},"end":{"line":29,"column":5}},"18":{"start":{"line":28,"column":6},"end":{"line":28,"column":66}},"19":{"start":{"line":31,"column":4},"end":{"line":33,"column":5}},"20":{"start":{"line":32,"column":6},"end":{"line":32,"column":72}},"21":{"start":{"line":34,"column":16},"end":{"line":43,"column":5}},"22":{"start":{"line":44,"column":4},"end":{"line":44,"column":45}},"23":{"start":{"line":45,"column":4},"end":{"line":45,"column":84}},"24":{"start":{"line":47,"column":4},"end":{"line":47,"column":49}},"25":{"start":{"line":52,"column":0},"end":{"line":67,"column":3}},"26":{"start":{"line":53,"column":2},"end":{"line":66,"column":3}},"27":{"start":{"line":54,"column":23},"end":{"line":54,"column":33}},"28":{"start":{"line":55,"column":6},"end":{"line":57,"column":7}},"29":{"start":{"line":56,"column":8},"end":{"line":56,"column":61}},"30":{"start":{"line":58,"column":21},"end":{"line":58,"column":88}},"31":{"start":{"line":59,"column":19},"end":{"line":59,"column":21}},"32":{"start":{"line":60,"column":4},"end":{"line":62,"column":7}},"33":{"start":{"line":61,"column":6},"end":{"line":61,"column":49}},"34":{"start":{"line":63,"column":4},"end":{"line":63,"column":21}},"35":{"start":{"line":65,"column":4},"end":{"line":65,"column":49}},"36":{"start":{"line":70,"column":0},"end":{"line":91,"column":3}},
[...]
xpr","locations":[{"start":{"line":12,"column":8},"end":{"line":12,"column":15}},{"start":{"line":12,"column":19},"end":{"line":12,"column":45}},{"start":{"line":12,"column":49},"end":{"line":12,"column":66}}],"line":12},"2":{"loc":{"start":{"line":15,"column":4},"end":{"line":17,"column":5}},"type":"if","locations":[{"start":{"line":15,"column":4},"end":{"line":17,"column":5}},{"start":{},"end":{}}],"line":15},"3":{"loc":{"start":{"line":15,"column":8},"end":{"line":15,"column":53}},"type":"binary-expr","locations":[{"start":{"line":15,"column":8},"end":{"line":15,"column":19}},{"start":{"line":15,"column":23},"end":{"line":15,"column":53}}],"line":15},"4":{"loc":{"start":{"line":18,"column":4},"end":{"line":20,"column":5}},"type":"if","locations":[{"start":{"line":18,"column":4},"end":{"line":20,"column":5}},{"start":{},"end":{}}],"line":18},"5":{"loc":{"start":{"line":21,"column":4},"end":{"line":23,"column":5}},"type":"if","locations":[{"start":{"line":21,"column":4},"end":{"line":23,"column":5}},{"start":{},"end":{}}],"line":21},"6":{"loc":{"start":{"line":21,"column":8},"end":{"line":21,"column":52}},"type":"binary-expr","locations":[{"start":{"line":21,"column":8},"end":{"line":21,"column":36}},{"start":{"line":21,"column":40},"end":{"line":21,"column":52}}],"line":21},"7":{"loc":{"start":{"line":24,"column":4},"end":{"line":26,"column":5}},"type":"if","locations":[{"start":{"line":24,"column":4},"end":{"line":26,"column":5}},{"start":{},"end":{}}],"line":24},"8":{"loc":{"start":{"line":24,"column":8},"end":{"line":24,"column":50}},"type":"binary-expr","locations":[{"start":{"line":24,"column":8},"end":{"line":24,"column":18}},{"start":{"line":24,"column":22},"end":{"line":24,"column":50}}],"line":24},"9":{"loc":{"start":{"line":27,"column":4},"end":{"line":29,"column":5}},"type":"if","locations":[{"start":{"line":27,"column":4},"end":{"line":29,"column":5}},{"start":{},"end":{}}],"line":27},"10":{"loc":{"start":{"line":27,"column":8},"end":{"line":27,"column":49}},"type":"binary-expr","locations":[{"start":{"line":27,"column":8},"end":{"line":27,"column":17}},{"start":{"line":27,"column":21},"end":{"line":27,"column":49}}],"line":27},"11":{"loc":{"start":{"line":31,"column":4},"end":{"line":33,"column":5}},"type":"if","locations":[{"start":{"line":31,"column":4},"end":{"line":33,"column":5}},{"start":{},"end":{}}],"line":31},"12":{"loc":{"start":{"line":31,"column":8},"end":{"line":31,"column":65}},"type":"binary-expr","locations":[{"start":{"line":31,"column":8},"end":{"line":31,"column":28}},{"start":{"line":31,"column":32},"end":{"line":31,"column":65}}],"line":31},"13":{"loc":{"start":{"line":40,"column":17},"end":{"line":40,"column":65}},"type":"cond-expr","locations":[{"start":{"line":40,"column":49},"end":{"line":40,"column":58}},{"start":{"line":40,"column":61},"end":{"line":40,"column":65}}],"line":40},"14":{"loc":{"start":{"line":41,"column":18},"end":{"line":41,"column":68}},"type":"cond-expr","locations":[{"start":{"line":41,"column":51},"end":{"line":41,"column":61}},{"start":{"line":41,"column":64},"end":{"line":41,"column":68}}],"line":41},"15":{"loc":{"start":{"line":55,"column":6},"end":{"line":57,"column":7}},"type":"if","locations":[{"start":{"line":55,"column":6},"end":{"line":57,"column":7}},{"start":{},"end":{}}],"line":55},"16":{"loc":{"start":{"line":55,"column":10},"end":{"line":55,"column":47}},"type":"binary-expr","locations":[{"start":{"line":55,"column":10},"end":{"line":55,"column":17}},{"start":{"line":55,"column":21},"end":{"line":55,"column":47}}],"line":55},"17":{"loc":{"start":{"line":73,"column":6},"end":{"line":75,"column":7}},"type":"if","locations":[{"start":{"line":73,"column":6},"end":{"line":75,"column":7}},{"start":{},"end":{}}],"line":73},"18":{"loc":{"start":{"line":73,"column":10},"end":{"line":73,"column":47}},"type":"binary-expr","locations":[{"start":{"line":73,"column":10},"end":{"line":73,"column":17}},{"start":{"line":73,"column":21},"end":{"line":73,"column":47}}],"line":73},"19":{"loc":{"start":{"line":83,"column":4},"end":{"line":85,"column":5}},"type":"if","locations":[{"start":{"line":83,"column":4},"end":{"line":85,"column":5}},{"start":{},"end":{}}],"line":83},"20":{"loc":{"start":{"line":97,"column":6},"end":{"line":99,"column":7}},"type":"if","locations":[{"start":{"line":97,"column":6},"end":{"line":99,"column":7}},{"start":{},"end":{}}],"line":97},"21":{"loc":{"start":{"line":97,"column":10},"end":{"line":97,"column":47}},"type":"binary-expr","locations":[{"start":{"line":97,"column":10},"end":{"line":97,"column":17}},{"start":{"line":97,"column":21},"end":{"line":97,"column":47}}],"line":97},"22":{"loc":{"start":{"line":105,"column":6},"end":{"line":108,"column":7}},"type":"if","locations":[{"start":{"line":105,"column":6},"end":{"line":108,"column":7}},{"start":{},"end":{}}],"line":105},"23":{"loc":{"start":{"line":110,"column":24},"end":{"line":110,"column":61}},"type":"cond-expr","locations":[{"start":{"line":110,"column":36},"end":{"line":110,"column":57}},{"start":{"line":110,"column":60},"end":{"line":110,"column":61}}],"line":110}},"s":{"0":1,"1":1,"2":1,"3":1,"4":1,"5":8,"6":8,"7":8,"8":1,"9":7,"10":1,"11":6,"12":1,"13":5,"14":1,"15":4,"16":1,"17":3,"18":1,"19":2,"20":0,"21":2,"22":2,"23":2,"24":0,"25":1,"26":2,"27":2,"28":2,"29":0,"30":2,"31":2,"32":2,"33":2,"34":2,"35":0,"36":1,"37":1,"38":1,"39":1,"40":0,"41":1,"42":1,"43":1,"44":1,"45":2,"46":2,"47":1,"48":0,"49":1,"50":1,"51":0,"52":1,"53":1,"54":1,"55":1,"56":0,"57":1,"58":1,"59":1,"60":1,"61":2,"62":2,"63":2,"64":2,"65":1,"66":1,"67":0,"68":1},"f":{"0":8,"1":2,"2":2,"3":1,"4":2,"5":1,"6":2},"b":{"0":[1,7],"1":[8,7,7],"2":[1,6],"3":[7,6],"4":[1,5],"5":[1,4],"6":[5,5],"7":[1,3],"8":[4,4],"9":[1,2],"10":[3,3],"11":[0,2],"12":[2,2],"13":[1,1],"14":[1,1],"15":[0,2],"16":[2,2],"17":[0,1],"18":[1,1],"19":[0,1],"20":[0,1],"21":[1,1],"22":[2,0],"23":[1,0]},"_coverageSchema":"1a1c01bbd47fc00a2c39e90264f33305004495a9","hash":"0e7958dd74055bc0ebebc8d64011c8931a476ccd"}
,"/home/ervin/Desktop/PROYECTO-2/backend-v1/services/aiQuestionGenerator.js": {"path":"/home/ervin/Desktop/PROYECTO-2/backend-v1/services/aiQuestionGenerator.js","statementMap":{"0":{"start":{"line":1,"column":14},"end":{"line":1,"column":30}},"1":{"start":{"line":5,"column":4},"end":{"line":5,"column":53}},"2":{"start":{"line":6,"column":4},"end":{"line":6,"column":57}},"3":{"start":{"line":7,"column":4},"end":{"line":7,"column":69}},"4":{"start":{"line":8,"column":4},"end":{"line":8,"column":66}},"5":{"start":{"line":10,"column":4},"end":{"line":10,"column":91}},"6":{"start":{"line":12,"column":4},"end":{"line":12,"column":67}},"7":{"start":{"line":17,"column":4},"end":{"line":17,"column":30}},"8":{"start":{"line":17,"column":18},"end":{"line":17,"column":30}},"9":{"start":{"line":19,"column":18},"end":{"line":23,"column":13}},"10":{"start":{"line":25,"column":4},"end":{"line":31,"column":5}},"11":{"start":{"line":26,"column":20},"end":{"line":26,"column":40}},"12":{"start":{"line":27,"column":18},"end":{"line":27,"column":42}},"13":{"start":{"line":28,"column":6},"end":{"line":30,"column":7}},"14":{"start":{"line":29,"column":8},"end":{"line":29,"column":48}},"15":{"start":{"line":32,"column":4},"end":{"line":36,"column":5}},"16":{"start":{"line":33,"column":6},"end":{"line":33,"column":33}},"17":{"start":{"line":35,"column":6},"end":{"line":35,"column":18}},"18":{"start":{"line":41,"column":4},"end":{"line":123,"column":5}},"19":{"start":{"line":42,"column":21},"end":{"line":42,"column":63}},"20":{"start":{"line":43,"column":22},"end":{"line":43,"column":24}},"21":{"start":{"line":45,"column":6},"end":{"line":47,"column":7}},"22":{"start":{"line":46,"column":8},"end":{"line":46,"column":135}},"23":{"start":{"line":50,"column":6},"end":{"line":99,"column":7}},"24":{"start":{"line":51,"column":8},"end":{"line":73,"column":9}},"25":{"start":{"line":52,"column":27},"end":{"line":65,"column":12}},"26":{"start":{"line":66,"column":26},"end":{"line":66,"column":76}},"27":{"start":{"line":67,"column":25},"end":{"line":67,"column":50}},"28":{"start":{"line":68,"column":10},"end":{"line":70,"column":11}},"29":{"start":{"line":69,"column":12},"end":{"line":69,"column":41}},"30":{"start":{"line":72,"column":10},"end":{"line":72,"column":122}},"31":{"start":{"line":74,"column":13},"end":{"line":99,"column":7}},"32":{"start":{"line":76,"column":8},"end":{"line":98,"column":9}},"33":{"start":{"line":77,"column":27},"end":{"line":90,"column":12}},"34":{"start":{"line":91,"column":26},"end":{"line":91,"column":76}},"35":{"start":{"line":92,"column":25},"end":{"line":92,"column":50}},"36":{"start":{"line":93,"column":10},"end":{"line":95,"column":11}},"37":{"start":{"line":94,"column":12},"end":{"line":94,"column":41}},"38":{"start":{"line":97,"column":10},"end":{"line":97,"column":124}},"39":{"start":{"line":101,"column":6},"end":{"line":103,"column":7}},"40":{"start":{"line":102,"column":8},"end":{"line":102,"column":96}},"41":{"start":{"line":106,"column":30},"end":{"line":106,"column":32}},"42":{"start":{"line":107,"column":19},"end":{"line":107,"column":28}},"43":{"start":{"line":108,"column":6},"end":{"line":114,"column":7}},"44":{"start":{"line":109,"column":20},"end":{"line":109,"column":57}},"45":{"start":{"line":110,"column":8},"end":{"line":113,"column":9}},"46":{"start":{"line":111,"column":10},"end":{"line":111,"column":24}},"47":{"start":{"line":112,"column":10},"end":{"line":112,"column":34}},"48":{"start":{"line":116,"column":6},"end":{"line":118,"column":7}},"49":{"start":{"line":117,"column":8},"end":{"line":117,"column":73}},"50":{"start":{"line":120,"column":6},"end":{"line":120,"column":60}},"51":{"start":{"line":122,"column":6},"end":{"line":122,"column":18}},"52":{"start":{"line":128,"column":4},"end":{"line":133,"column":5}},"53":{"start":{"line":129,"column":6},"end":{"line":129,"column":65}},"54":{"start":{"line":132,"column":8},"end":{"line":132,"column":66}},"55":{"start":{"line":139,"column":4},"end":{"line":145,"column":6}},"56":{"start":{"line":150,"column":4},"end":{"line":174,"column":49}},"57":{"start":{"line":179,"column":4},"end":{"line":179,"column":67}},"58":{"start":{"line":184,"column":4},"end":{"line":200,"column":6}},"59":{"start":{"line":205,"column":4},"end":{"line":209,"column":6}},"60":{"start":{"line":213,"column":0},"end":{"line":213,"column":37}}},"fnMap":{"0":{"name":"(anonymous_0)","decl":{"start":{"line":4,"column":2},"end":{"line":4,"column":3}},"loc":{"start":{"line":4,"column":16},"end":{"line":13,"column":3}},"line":4},"1":{"name":"(anonymous_1)","decl":{"start":{"line":16,"column":2},"end":{"line":16,"column":3}},"loc":{"start":{"line":16,"column":23},"end":{"line":37,"column":3}},"line":16},"2":{"name":"(anonymous_2)","decl":{"start":{"line":40,"column":2},"end":{"line":40,"column":3}},"loc":{"start":{"line":40,"column":67},"end":{"line":124,"column":3}},"line":40},"3":{"name":"(anonymous_3)","decl":{"start":{"line":127,"column":2},"end":{"line":127,"column":3}},"loc":{"start":{"line":127,"column":71},"end":{"line":134,"column":3}},"line":127},"4":{"name":"(anonymous_4)","decl":{"start":{"line":138,"column":2},"end":{"line":138,"column":3}},"loc":{"start":{"line":138,"column":44},"end":{"line":146,"column":3}},"line":138},"5":{"name":"(anonymous_5)","decl":{"start":{"line":149,"column":2},"end":{"line":149,"column":3}},"loc":{"start":{"line":149,"column":40},"end":{"line":175,"column":3}},"line":149},"6":{"name":"(anonymous_6)","decl":{"start":{"line":178,"column":2},"end":{"line":178,"column":3}},"loc":{"start":{"line":178,"column":49},"end":{"line":180,"column":3}},"line":178},"7":{"name":"(anonymous_7)","decl":{"start":{"line":183,"column":2},"end":{"line":183,"column":3}},"loc":{"start":{"line":183,"column":23},"end":{"line":201,"column":3}},"line":183},"8":{"name":"(anonymous_8)","decl":{"start":{"line":204,"column":2},"end":{"line":204,"column":3}},"loc":{"start":{"line":204,"column":24},"end":{"line":210,"column":3}},"line":204}},"branchMap":{"0":{"loc":{"start":{"line":5,"column":22},"end":{"line":5,"column":52}},"type":"binary-expr","locations":[{"start":{"line":5,"column":22},"end":{"line":5,"column":46}},{"start":{"line":5,"column":50},"end":{"line":5,"column":52}}],"line":5},"1":{"loc":{"start":{"line":6,"column":24},"end":{"line":6,"column":56}},"type":"binary-expr","locations":[{"start":{"line":6,"column":24},"end":{"line":6,"column":50}},{"start":{"line":6,"column":54},"end":{"line":6,"column":56}}],"line":6},"2":{"loc":{"start":{"line":10,"column":21},"end":{"line":10,"column":90}},"type":"binary-expr","locations":[{"start":{"line":10,"column":21},"end":{"line":10,"column":43}},{"start":{"line":10,"column":47},"end":{"line":10,"column":90}}],"line":10},"3":{"loc":{"start":{"line":12,"column":23},"end":{"line":12,"column":66}},"type":"binary-expr","locations":[{"start":{"line":12,"column":23},"end":{"line":12,"column":47}},{"start":{"line":12,"column":51},"end":{"line":12,"column":66}}],"line":12},"4":{"loc":{"start":{"line":17,"column":4},"end":{"line":17,"column":30}},"type":"if","locations":[{"start":{"line":17,"column":4},"end":{"line":17,"column":30}},{"start":{},"end":{}}],"line":17},"5":{"loc":{"start":{"line":25,"column":4},"end":{"line":31,"column":5}},"type":"if","locations":[{"start":{"line":25,"column":4},"end":{"line":31,"column":5}},{"start":{},"end":{}}],"line":25},"6":{"loc":{"start":{"line":25,"column":10},"end":{"line":25,"column":58}},"type":"binary-expr","locations":[{"start":{"line":25,"column":10},"end":{"line":25,"column":33}},{"start":{"line":25,"column":37},"end":{"line":25,"column":58}}],"line":25},"7":{"loc":{"start":{"line":28,"column":6},"end":{"line":30,"column":7}},"type":"if","locations":[{"start":{"line":28,"column":6},"end":{"line":30,"column":7}},{"start":{},"end":{}}],"line":28},"8":{"loc":{"start":{"line":28,"column":10},"end":{"line":28,"column":51}},"type":"binary-expr","locations":[{"start":{"line":28,"column":10},"end":{"line":28,"column":22}},{"start":{"line":28,"column":26},"end":{"line":28,"column":36}},{"start":{"line":28,"column":40},"end":{"line":28,"column":51}}],"line":28},"9":{"loc":{"start":{"line":40,"column":33},"end":{"line":40,"column":54}},"type":"default-arg","locations":[{"start":{"line":40,"column":46},"end":{"line":40,"column":54}}],"line":40},"10":{"loc":{"start":{"line":40,"column":56},"end":{"line":40,"column":65}},"type":"default-arg","locations":[{"start":{"line":40,"column":64},"end":{"line":40,"column":65}}],"line":40},"11":{"loc":{"start":{"line":45,"column":6},"end":{"line":47,"column":7}},"type":"if","locations":[{"start":{"line":45,"column":6},"end":{"line":47,"column":7}},{"start":{},"end":{}}],"line":45},"12":{"loc":{"start":{"line":45,"column":10},"end":{"line":45,"column":48}},"type":"binary-expr","locations":[{"start":{"line":45,"column":10},"end":{"line":45,"column":26}},{"start":{"line":45,"column":30},"end":{"line":45,"column":48}}],"line":45},"13":{"loc":{"start":{"line":50,"column":6},"end":{"line":99,"column":7}},"type":"if","locations":[{"start":{"line":50,"column":6},"end":{"line":99,"column":7}},{"start":{"line":74,"column":13},"end":{"line":99,"column":7}}],"line":50},"14":{"loc":{"start":{"line":66,"column":26},"end":{"line":66,"column":76}},"type":"binary-expr","locations":[{"start":{"line":66,"column":26},"end":{"line":66,"column":70}},{"start":{"line":66,"column":74},"end":{"line":66,"column":76}}],"line":66},"15":{"loc":{"start":{"line":68,"column":10},"end":{"line":70,"column":11}},"type":"if","locations":[{"start":{"line":68,"column":10},"end":{"line":70,"column":11}},{"start":{},"end":{}}],"line":68},"16":{"loc":{"start":{"line":68,"column":14},"end":{"line":68,"column":40}},"type":"binary-expr","locations":[{"start":{"line":68,"column":14},"end":{"line":68,"column":20}},{"start":{"line":68,"column":24},"end":{"line":68,"column":40}}],"line":68},"17":{"loc":{"start":{"line":72,"column":70},"end":{"line":72,"column":119}},"type":"binary-expr","locations":[{"start":{"line":72,"column":70},"end":{"line":72,"column":104}},{"start":{"line":72,"column":108},"end":{"line":72,"column":119}}],"line":72},"18":{"loc":{"start":{"line":74,"column":13},"end":{"line":99,"column":7}},"type":"if","locations":[{"start":{"line":74,"column":13},"end":{"line":99,"column":7}},{"start":{},"end":{}}],"line":74},"19":{"loc":{"start":{"line":91,"column":26},"end":{"line":91,"column":76}},"type":"binary-expr","locations":[{"start":{"line":91,"column":26},"end":{"line":91,"column":70}},{"start":{"line":91,"column":74},"end":{"line":91,"column":76}}],"line":91},"20":{"loc":{"start":{"line":93,"column":10},"end":{"line":95,"column":11}},"type":"if","locations":[{"start":{"line":93,"column":10},"end":{"line":95,"column":11}},{"start":{},"end":{}}],"line":93},"21":{"loc":{"start":{"line":93,"column":14},"end":{"line":93,"column":40}},"type":"binary-expr","locations":[{"start":{"line":93,"column":14},"end":{"line":93,"column":20}},{"start":{"line":93,"column":24},"end":{"line":93,"column":40}}],"line":93},"22":{"loc":{"start":{"line":97,"column":72},"end":{"line":97,"column":121}},"type":"binary-expr","locations":[{"start":{"line":97,"column":72},"end":{"line":97,"column":106}},{"start":{"line":97,"column":110},"end":{"line":97,"column":121}}],"line":97},"23":{"loc":{"start":{"line":101,"column":6},"end":{"line":103,"column":7}},"type":"if","locations":[{"start":{"line":101,"column":6},"end":{"line":103,"column":7}},{"start":{},"end":{}}],"line":101},"24":{"loc":{"start":{"line":101,"column":10},"end":{"line":101,"column":46}},"type":"binary-expr","locations":[{"start":{"line":101,"column":10},"end":{"line":101,"column":20}},{"start":{"line":101,"column":24},"end":{"line":101,"column":46}}],"line":101},"25":{"loc":{"start":{"line":109,"column":20},"end":{"line":109,"column":57}},"type":"binary-expr","locations":[{"start":{"line":109,"column":20},"end":{"line":109,"column":26}},{"start":{"line":109,"column":30},"end":{"line":109,"column":57}}],"line":109},"26":{"loc":{"start":{"line":110,"column":8},"end":{"line":113,"column":9}},"type":"if","locations":[{"start":{"line":110,"column":8},"end":{"line":113,"column":9}},{"start":{},"end":{}}],"line":110},"27":{"loc":{"start":{"line":110,"column":12},"end":{"line":110,"column":33}},"type":"binary-expr","locations":[{"start":{"line":110,"column":12},"end":{"line":110,"column":15}},{"start":{"line":110,"column":19},"end":{"line":110,"column":33}}],"line":110},"28":{"loc":{"start":{"line":116,"column":6},"end":{"line":118,"column":7}},"type":"if","locations":[{"start":{"line":116,"column":6},"end":{"line":118,"column":7}},{"start":{},"end":{}}],"line":116},"29":{"loc":{"start":{"line":127,"column":37},"end":{"line":127,"column":58}},"type":"default-arg","locations":[{"start":{"line":127,"column":50},"end":{"line":127,"column":58}}],"line":127},"30":{"loc":{"start":{"line":127,"column":60},"end":{"line":127,"column":69}},"type":"default-arg","locations":[{"start":{"line":127,"column":68},"end":{"line":127,"column":69}}],"line":127}},"s":{"0":4,"1":34,"2":34,"3":34,"4":34,"5":34,"6":34,"7":12,"8":1,"9":11,"10":11,"11":4,"12":4,"13":4,"14":3,"15":11,"16":11,"17":2,"18":8,"19":8,"20":8,"21":8,"22":1,"23":7,"24":5,"25":5,"26":4,"27":4,"28":4,"29":3,"30":1,"31":2,"32":2,"33":2,"34":1,"35":1,"36":1,"37":1,"38":1,"39":5,"40":1,"41":4,"42":4,"43":4,"44":9,"45":9,"46":7,"47":7,"48":4,"49":1,"50":3,"51":5,"52":1,"53":1,"54":1,"55":1,"56":9,"57":1,"58":1,"59":1,"60":4},"f":{"0":34,"1":12,"2":8,"3":1,"4":1,"5":9,"6":1,"7":1,"8":1},"b":{"0":[34,33],"1":[34,34],"2":[34,33],"3":[34,34],"4":[1,11],"5":[4,7],"6":[11,7],"7":[3,1],"8":[4,3,3],"9":[1],"10":[1],"11":[1,7],"12":[8,3],"13":[5,2],"14":[4,0],"15":[3,1],"16":[4,4],"17":[1,1],"18":[2,0],"19":[1,0],"20":[1,0],"21":[1,1],"22":[1,1],"23":[1,4],"24":[5,5],"25":[9,9],"26":[7,2],"27":[9,9],"28":[1,3],"29":[1],"30":[1]},"_coverageSchema":"1a1c01bbd47fc00a2c39e90264f33305004495a9","hash":"1d4841f630ee21bc30bca1b8580e688253a54ad7"}
}
